1 [4133095168] INFO perfrun.launcher <> - Launcher main begin
2 [4133095168] INFO perfrun.launcher <> - MessageCatalogInit finished
2 [4133095168] INFO perfrun.launcher <> - Launcher instance created
2 [4133095168] INFO perfrun.launcher <> - argc = 6; cmdline = /opt/intel/oneapi/vtune/2024.2/bin32/amplxe-runss -dump-vdso -r /tmp/amplxe-tmp-andrei.petrea1210/amplxe-res-469744-3954576452776106 --tmp-dir /tmp/amplxe-tmp-andrei.petrea1210 
10 [4133095168] INFO perfrun.launcher <> - create msngr2::ICliToolContext
10 [4133095168] INFO perfrun.launcher <> - create file finder object
13 [4132481856] INFO perfrun.launcher <> - plugin [remoteplug] was disabled because it doesn't support the given collection type.
13 [4132481856] INFO perfrun.launcher <> - plugin [] was disabled because it doesn't support the given collection type.
13 [4132481856] INFO perfrun.vdso <> - dumping [vdso] pseudomodule
15 [4132481856] INFO perfrun.launcher <> - plugin [] was disabled because it doesn't support the given collection type.
15 [4132481856] INFO perfrun.launcher <> - plugin [] was disabled because it doesn't support the given collection type.
15 [4132481856] INFO perfrun.launcher <> - plugin [] was disabled because it doesn't support the given collection type.
15 [4132481856] INFO perfrun.launcher <> - plugin [] was disabled because it doesn't support the given collection type.
15 [4132481856] INFO perfrun.launcher <> - plugin [] was disabled because it doesn't support the given collection type.
15 [4132481856] INFO perfrun.launcher <> - plugin [] was disabled because it doesn't support the given collection type.
15 [4132481856] INFO perfrun.launcher <> - plugin [] was disabled because it doesn't support the given collection type.
15 [4132481856] INFO perfrun.launcher <> - plugin [] was disabled because it doesn't support the given collection type.
15 [4132481856] INFO perfrun.launcher <> - plugin [] was disabled because it doesn't support the given collection type.
15 [4132481856] INFO perfrun.launcher <> - plugin [] was disabled because it doesn't support the given collection type.
15 [4132481856] INFO perfrun.launcher <> - plugin [] was disabled because it doesn't support the given collection type.
15 [4132481856] INFO perfrun.launcher <> - plugin [] was disabled because it doesn't support the given collection type.
15 [4132481856] INFO perfrun.launcher <> - plugin [] was disabled because it doesn't support the given collection type.
15 [4132481856] INFO perfrun.launcher <> - plugin [] was disabled because it doesn't support the given collection type.
15 [4132481856] INFO perfrun.launcher <> - plugin [] was disabled because it doesn't support the given collection type.
15 [4132481856] INFO perfrun.launcher <> - plugin [] was disabled because it doesn't support the given collection type.
15 [4132481856] INFO perfrun.launcher <> - plugin [] was disabled because it doesn't support the given collection type.
15 [4132481856] INFO perfrun.launcher <> - plugin [] was disabled because it doesn't support the given collection type.
15 [4132481856] INFO perfrun.launcher <> - plugin [] was disabled because it doesn't support the given collection type.
15 [4132481856] INFO perfrun.launcher <> - plugin [] was disabled because it doesn't support the given collection type.
15 [4132481856] INFO perfrun.launcher <> - plugin [] was disabled because it doesn't support the given collection type.
16 [4132481856] INFO perfrun.launcher <> - plugin [] was disabled because it doesn't support the given collection type.
16 [4132481856] INFO perfrun.launcher <> - plugin [] was disabled because it doesn't support the given collection type.
16 [4132481856] INFO perfrun.launcher <> - plugin [] was disabled because it doesn't support the given collection type.
16 [4133095168] INFO perfrun.launcher <> - Application exit code: 0
16 [4133095168] INFO perfrun.launcher <> - Exit code: 0
