2 [139901689469824] INFO perfrun.launcher <> - Launcher main begin
3 [139901689469824] INFO perfrun.launcher <> - MessageCatalogInit finished
3 [139901689469824] INFO perfrun.launcher <> - Launcher instance created
3 [139901689469824] INFO perfrun.launcher <> - argc = 7; cmdline = /opt/intel/oneapi/vtune/2024.2/bin64/amplxe-runss --ui-output-format xml --ui-output-fd 6 --option-file /export/home/acs/stud/a/andrei.petrea1210/primalgomst/results_dir/large_graph/config/runss.options 
9 [139901689469824] INFO perfrun.perfcollector <> - SEP tool path: /opt/intel/oneapi/vtune/2024.2/bin64/sep
22 [139901689469824] INFO perfrun.launcher <> - create msngr2::ICliToolContext
22 [139901689469824] INFO perfrun.launcher <> - create file finder object
22 [139901689469824] INFO perfrun.launcher <> - create a result directory: pattern = /export/home/acs/stud/a/andrei.petrea1210/primalgomst/results_dir/large_graph pid = 4294967295
24 [139901689469824] INFO perfrun.sdk <> - checked that the directory /export/home/acs/stud/a/andrei.petrea1210/primalgomst/results_dir/large_graph is a local directory
24 [139901689469824] INFO perfrun.sdk <> - the directory /export/home/acs/stud/a/andrei.petrea1210/primalgomst/results_dir/large_graph is located on a share or its FS ID is unknown 12805120
24 [139901689469824] INFO perfrun.sdk <> - checked that the directory /tmp/amplxe-tmp-andrei.petrea1210 is a local directory
24 [139901689469824] INFO perfrun.sdk <> - the directory /tmp/amplxe-tmp-andrei.petrea1210 is a local directory with FS type ID 1481003842
25 [139901689469824] INFO perfrun.launcher <> - Create a local result directory /tmp/amplxe-tmp-andrei.petrea1210/amplxe-res-469744-3954576452776106 due to the user result path /export/home/acs/stud/a/andrei.petrea1210/primalgomst/results_dir/large_graph is located on a share
25 [139901689469824] INFO perfrun.launcher <> - create data directory = /tmp/amplxe-tmp-andrei.petrea1210/amplxe-res-469744-3954576452776106/data.0
31 [139901689469824] INFO perfrun.launcher <> - create data directory = /export/home/acs/stud/a/andrei.petrea1210/primalgomst/results_dir/large_graph/data.0
32 [139901689469824] INFO perfrun.launcher <> - Creating the master collection flag
39 [139901689469824] INFO perfrun.launcher <> - Done creating the master collection flag
40 [139901562251008] INFO perfrun.launcher <> - plugin [remoteplug] was disabled because it doesn't support the given collection type.
40 [139901562251008] INFO perfrun.sdk <> - Allocating TMU :/tmp/amplxe-tmp-andrei.petrea1210/amplxe-res-469744-3954576452776106/data.0/systemcollector-469744-fep8.grid.pub.ro.sc
40 [139901562251008] INFO perfrun.system <> - Tpss based collection
41 [139901562251008] INFO perfrun.launcher <> - plugin [ptracecollector] was disabled because it doesn't support the given collection type.
41 [139901562251008] INFO perfrun.launcher <> - plugin [gpu] was disabled because it doesn't support the given collection type.
41 [139901562251008] INFO perfrun.launcher <> - plugin [] was disabled because it doesn't support the given collection type.
41 [139901562251008] INFO perfrun.launcher <> - plugin [] was disabled because it doesn't support the given collection type.
41 [139901562251008] INFO perfrun.launcher <> - plugin [] was disabled because it doesn't support the given collection type.
41 [139901562251008] INFO perfrun.mrte <> - system-wide mode is 0
41 [139901562251008] INFO perfrun.mrte <> - Getting  mrte profiling environment ...
57 [139901562251008] INFO perfrun.mrte <> - INTEL_MRTE_DATA_DIR=/tmp/amplxe-tmp-andrei.petrea1210/amplxe-res-469744-3954576452776106/data.0
57 [139901562251008] INFO perfrun.mrte <> - INTEL_MRTE_HOST_NAME=fep8.grid.pub.ro
57 [139901562251008] INFO perfrun.mrte <> - JAVA_TOOL_OPTIONS=-agentlib:amplxe_samplingmrte_javaprof_1.0 -Dsun.boot.library.path=/opt/intel/oneapi/vtune/2024.2/lib32/runtime:/opt/intel/oneapi/vtune/2024.2/lib64/runtime
57 [139901562251008] INFO perfrun.mrte <> - LD_LIBRARY_PATH=/opt/intel/oneapi/vtune/2024.2/lib32/runtime:/opt/intel/oneapi/vtune/2024.2/lib64/runtime:/opt/intel/oneapi/2024.2/opt/mpi/libfabric/lib:/opt/intel/oneapi/2024.2/opt/compiler/lib:/opt/intel/oneapi/2024.2/lib
57 [139901562251008] INFO perfrun.mrte <> - CORECLR_ENABLE_PROFILING=1
57 [139901562251008] INFO perfrun.mrte <> - CORECLR_PROFILER={AA5E4821-E3B1-479c-B7FF-5AD047D22CED}
57 [139901562251008] INFO perfrun.mrte <> - CORECLR_PROFILER_PATH=/opt/intel/oneapi/vtune/2024.2/lib64/libamplxe_samplingmrte_clrprof_1.0.so
57 [139901562251008] INFO perfrun.mrte <> - INTEL_MRTE_PROFILER_MODE=mixed
57 [139901562251008] INFO perfrun.mrte <> - Data directory: /tmp/amplxe-tmp-andrei.petrea1210/amplxe-res-469744-3954576452776106/data.0
57 [139901562251008] INFO perfrun.mrte <> - Mrte plugin is initialized
57 [139901562251008] INFO perfrun.launcher <> - plugin [emon] was disabled because it doesn't support the given collection type.
57 [139901562251008] INFO perfrun.launcher <> - plugin [cuscol] was disabled because it doesn't support the given collection type.
57 [139901562251008] INFO perfrun.launcher <> - plugin [stdsrc] was disabled because it doesn't support the given collection type.
57 [139901562251008] INFO perfrun.launcher <> - plugin [sep] was disabled because it doesn't support the given collection type.
57 [139901562251008] INFO perfrun.launcher <> - plugin [vtsspp] was disabled because it doesn't support the given collection type.
57 [139901562251008] INFO perfrun.launcher <> - plugin [perf] was disabled because it doesn't support the given collection type.
57 [139901562251008] INFO perfrun.launcher <> - plugin [aoclprofile] was disabled because it doesn't support the given collection type.
57 [139901562251008] INFO perfrun.tpss <> - initialize tpss controller
57 [139901562251008] INFO perfrun.tpss <> - configure collection mode: value = cpu:counters:nostack
57 [139901562251008] INFO perfrun.tpss <> - configure collection mode: value = cpu:stack
57 [139901562251008] INFO perfrun.tpss <> - default obj-size-min=1024
57 [139901562251008] INFO perfrun.tpss <> - default hash-table-size=0
57 [139901562251008] INFO perfrun.launcher <> - plugin [media] was disabled because it doesn't support the given collection type.
57 [139901562251008] INFO perfrun.launcher <> - plugin [] was disabled because it doesn't support the given collection type.
57 [139901562251008] INFO perfrun.launcher <> - plugin [] was disabled because it doesn't support the given collection type.
57 [139901562251008] INFO perfrun.launcher <> - plugin [parallelfs] was disabled because it doesn't support the given collection type.
57 [139901562251008] INFO perfrun.launcher <> - plugin [power] was disabled because it doesn't support the given collection type.
57 [139901562251008] INFO perfrun.launcher <> - plugin [] was disabled because it doesn't support the given collection type.
57 [139901562251008] INFO perfrun.launcher <> - plugin [ipmwatch] was disabled because it doesn't support the given collection type.
57 [139901562251008] INFO perfrun.launcher <> - plugin [os_counters] was disabled because it doesn't support the given collection type.
57 [139901562251008] INFO perfrun.launcher <> - plugin [l0_metrics] was disabled because it doesn't support the given collection type.
57 [139901689469824] INFO perfrun.launcher <> - set environment variable: LD_LIBRARY_PATH = /opt/intel/oneapi/vtune/2024.2/lib32/runtime:/opt/intel/oneapi/vtune/2024.2/lib64/runtime:/opt/intel/oneapi/2024.2/opt/mpi/libfabric/lib:/opt/intel/oneapi/2024.2/opt/compiler/lib:/opt/intel/oneapi/2024.2/lib
58 [139901689469824] INFO perfrun.launcher <> - set environment variable: INTEL_LIBITTNOTIFY32 = /opt/intel/oneapi/vtune/2024.2/lib32/runtime/libittnotify_collector.so
58 [139901689469824] INFO perfrun.launcher <> - set environment variable: INTEL_LIBITTNOTIFY64 = /opt/intel/oneapi/vtune/2024.2/lib64/runtime/libittnotify_collector.so
58 [139901689469824] INFO perfrun.launcher <> - set environment variable: INTEL_ITTNOTIFY_GROUPS = 
58 [139901689469824] INFO perfrun.launcher <> - set environment variable: INTEL_JIT_PROFILER32 = /opt/intel/oneapi/vtune/2024.2/lib32/runtime/libittnotify_collector.so
58 [139901689469824] INFO perfrun.launcher <> - set environment variable: INTEL_JIT_PROFILER64 = /opt/intel/oneapi/vtune/2024.2/lib64/runtime/libittnotify_collector.so
58 [139901689469824] INFO perfrun.launcher <> - set environment variable: CCL_ITT_LEVEL = 1
58 [139901689469824] INFO perfrun.launcher <> - set environment variable: ENABLE_JITPROFILING = 1
58 [139901689469824] INFO perfrun.launcher <> - set environment variable: CL_CONFIG_USE_VTUNE = True
58 [139901689469824] INFO perfrun.launcher <> - set environment variable: KMP_FORKJOIN_FRAMES = 0
58 [139901689469824] INFO perfrun.launcher <> - set environment variable: KMP_FORKJOIN_FRAMES_MODE = 0
58 [139901689469824] INFO perfrun.launcher <> - set environment variable: INTEL_MRTE_DATA_DIR = /tmp/amplxe-tmp-andrei.petrea1210/amplxe-res-469744-3954576452776106/data.0
59 [139901689469824] INFO perfrun.launcher <> - set environment variable: INTEL_MRTE_HOST_NAME = fep8.grid.pub.ro
59 [139901689469824] INFO perfrun.launcher <> - set environment variable: JAVA_TOOL_OPTIONS = -agentlib:amplxe_samplingmrte_javaprof_1.0 -Dsun.boot.library.path=/opt/intel/oneapi/vtune/2024.2/lib32/runtime:/opt/intel/oneapi/vtune/2024.2/lib64/runtime
59 [139901689469824] INFO perfrun.launcher <> - set environment variable: LD_LIBRARY_PATH = /opt/intel/oneapi/vtune/2024.2/lib32/runtime:/opt/intel/oneapi/vtune/2024.2/lib64/runtime:/opt/intel/oneapi/2024.2/opt/mpi/libfabric/lib:/opt/intel/oneapi/2024.2/opt/compiler/lib:/opt/intel/oneapi/2024.2/lib
59 [139901689469824] INFO perfrun.launcher <> - set environment variable: CORECLR_ENABLE_PROFILING = 1
59 [139901689469824] INFO perfrun.launcher <> - set environment variable: CORECLR_PROFILER = {AA5E4821-E3B1-479c-B7FF-5AD047D22CED}
59 [139901689469824] INFO perfrun.launcher <> - set environment variable: CORECLR_PROFILER_PATH = /opt/intel/oneapi/vtune/2024.2/lib64/libamplxe_samplingmrte_clrprof_1.0.so
59 [139901689469824] INFO perfrun.launcher <> - set environment variable: INTEL_MRTE_PROFILER_MODE = mixed
59 [139901689469824] INFO perfrun.launcher <> - RpcServer: run RPC server to handle requests
60 [139901689469824] INFO perfrun.launcher <> - Launcher: command line to start before modification = bin/serial_prim tests/large_graph.txt
61 [139901689469824] INFO perfrun.launcher <> - Launcher: command line to start after modification = /opt/intel/oneapi/vtune/2024.2/bin64/pin -error_file /tmp/amplxe-tmp-andrei.petrea1210/amplxe-res-469744-3954576452776106/data.0/pinerr.tpsslog -detach_reattach -follow_execv -tool_load_option deepbind -t64 /opt/intel/oneapi/vtune/2024.2/lib64/libtpsstool.so -t /opt/intel/oneapi/vtune/2024.2/lib32/libtpsstool.so -server_name tpss_ipc.469744 -prd_dir /opt/intel/oneapi/vtune/2024.2 -- bin/serial_prim tests/large_graph.txt
61 [139901689469824] INFO perfrun.launcher <> - ProcessCreator object was created
61 [139901689469824] INFO perfrun.launcher <> - Launcher: the process was started in suspend mode
62 [139901562251008] WARN perfrun.system <> - Could not do anything with /sys/kernel/debug/kvm: boost::filesystem::status: Permission denied [system:13]: "/sys/kernel/debug/kvm", at file: vcs/perfrun1/plugins/system/src/trace_writer.cpp:787
62 [139901562251008] WARN perfrun.system <> - Folder "/var/run/libvirt/qemu/"doesn't exist, at file: vcs/perfrun1/plugins/system/src/trace_writer.cpp:800
62 [139901562251008] INFO perfrun.sdk <> - runCmd: /opt/intel/oneapi/vtune/2024.2/bin64/sep -platform-info
63 [139901562251008] INFO perfrun.sdk <> - runCmd started PID 469750
69 [139901562251008] WARN perfrun.sdk <> - SEP driver is not available, at file: vcs/perfrun1/plugins/pluginsdk/src/device_mapper.cpp:1083
69 [139901562251008] INFO perfrun.sdk <> - runCmd: /opt/intel/oneapi/vtune/2024.2/bin64/amplxe-perf stat --iostat=list
70 [139901562251008] INFO perfrun.sdk <> - runCmd started PID 469751
74 [139901562251008] WARN perfrun.sdk <> - Device mapping through perf is not available on current kernel, at file: vcs/perfrun1/plugins/pluginsdk/src/device_mapper.cpp:1314
77 [139901562251008] INFO perfrun.sdk <> - runCmd: /opt/intel/oneapi/vtune/2024.2/bin64/sep -platform-info
77 [139901562251008] INFO perfrun.sdk <> - runCmd started PID 469752
87 [139901562251008] WARN perfrun.sdk <> - SEP driver is not available, at file: vcs/perfrun1/plugins/pluginsdk/src/device_mapper.cpp:1083
87 [139901562251008] INFO perfrun.sdk <> - runCmd: /opt/intel/oneapi/vtune/2024.2/bin64/amplxe-perf stat --iostat=list
87 [139901562251008] INFO perfrun.sdk <> - runCmd started PID 469753
90 [139901562251008] WARN perfrun.sdk <> - Device mapping through perf is not available on current kernel, at file: vcs/perfrun1/plugins/pluginsdk/src/device_mapper.cpp:1314
90 [139901562251008] WARN perfrun.sdk <> - Failed to find xl binary on any of the system paths: /bin, /sbin, /usr/bin, /usr/sbin., at file: vcs/perfrun1/sdk/src/utils.cpp:204
90 [139901562251008] WARN perfrun.system <> - Could not start ContainerMapping collector, at file: vcs/perfrun1/plugins/system/src/controller.cpp:448
121 [139901562251008] INFO perfrun.vdso <> - Helper runtool '/opt/intel/oneapi/vtune/2024.2/bin32/amplxe-runss -dump-vdso -r /tmp/amplxe-tmp-andrei.petrea1210/amplxe-res-469744-3954576452776106 --tmp-dir /tmp/amplxe-tmp-andrei.petrea1210' returned 0
168 [139901562251008] INFO perfrun.vdso <> - Helper runtool '/opt/intel/oneapi/vtune/2024.2/bin64/amplxe-runss -dump-vdso -r /tmp/amplxe-tmp-andrei.petrea1210/amplxe-res-469744-3954576452776106 --tmp-dir /tmp/amplxe-tmp-andrei.petrea1210' returned 0
168 [139901562251008] INFO perfrun.itt <> - start itt controller for pid #469749
168 [139901562251008] INFO perfrun.tpss <> - start tpss controller for pid #469749
219 [139901689469824] INFO perfrun.launcher <> - Launcher: all plugins were started
219 [139901689469824] INFO perfrun.launcher <> - DirectoryMonitor object was created
219 [139901689469824] INFO perfrun.launcher <> - DirectoryMonitor: a callback was added
219 [139901689469824] INFO perfrun.launcher <> - DirectoryMonitor was started with pingTime = 1000
219 [139901689469824] INFO perfrun.launcher <> - DeadlineTimer is going to be constructed
219 [139901689469824] INFO perfrun.launcher <> - DeadlineTimer: a callback was added
238 [139901689469824] INFO perfrun.launcher <> - Launcher: resume the profiled application and  wait its termination or stop command
694 [139901689469824] INFO perfrun.launcher <> - Launcher: the profiled application was terminated  with exit code = 0
698 [139901562251008] INFO perfrun.itt <> - detach itt controller
698 [139901562251008] INFO perfrun.itt <> - detach itt controller done
698 [139901562251008] INFO perfrun.tpss <> - stop tpss controller
698 [139901562251008] INFO perfrun.sdk <> - De-allocating TMU: /tmp/amplxe-tmp-andrei.petrea1210/amplxe-res-469744-3954576452776106/data.0/systemcollector-469744-fep8.grid.pub.ro.sc
698 [139901562251008] INFO perfrun.system <> - closed the system trace file: /tmp/amplxe-tmp-andrei.petrea1210/amplxe-res-469744-3954576452776106/data.0/systemcollector-469744-fep8.grid.pub.ro.sc
699 [139901689469824] INFO perfrun.launcher <> - Launcher: all plugins were stopped.
699 [139901689469824] INFO perfrun.launcher <> - DeadlineTimer is going to be destroyed
699 [139901689469824] INFO perfrun.launcher <> - DeadlineTimer was destroyed
699 [139901689469824] INFO perfrun.launcher <> - DirectoryMonitor object was destroyed
699 [139901689469824] WARN perfrun.launcher <> - Stop command is ignored because it is received when collection is already stopped, at file: vcs/perfrun1/launcher/src/command_handler.cpp:226
749 [139901689469824] INFO perfrun.launcher <> - Application exit code: 0
749 [139901689469824] INFO perfrun.launcher <> - Exit code: 0
