2 [140391476960128] INFO perfrun.launcher <> - Launcher main begin
3 [140391476960128] INFO perfrun.launcher <> - MessageCatalogInit finished
3 [140391476960128] INFO perfrun.launcher <> - Launcher instance created
3 [140391476960128] INFO perfrun.launcher <> - argc = 7; cmdline = /opt/intel/oneapi/vtune/2024.2/bin64/amplxe-runss --ui-output-format xml --ui-output-fd 6 --option-file /export/home/acs/stud/a/andrei.petrea1210/primalgomst/results_dir/medium_graph/config/runss.options 
8 [140391476960128] INFO perfrun.perfcollector <> - SEP tool path: /opt/intel/oneapi/vtune/2024.2/bin64/sep
21 [140391476960128] INFO perfrun.launcher <> - create msngr2::ICliToolContext
21 [140391476960128] INFO perfrun.launcher <> - create file finder object
21 [140391476960128] INFO perfrun.launcher <> - create a result directory: pattern = /export/home/acs/stud/a/andrei.petrea1210/primalgomst/results_dir/medium_graph pid = 4294967295
23 [140391476960128] INFO perfrun.sdk <> - checked that the directory /export/home/acs/stud/a/andrei.petrea1210/primalgomst/results_dir/medium_graph is a local directory
23 [140391476960128] INFO perfrun.sdk <> - the directory /export/home/acs/stud/a/andrei.petrea1210/primalgomst/results_dir/medium_graph is located on a share or its FS ID is unknown 12805120
23 [140391476960128] INFO perfrun.sdk <> - checked that the directory /tmp/amplxe-tmp-andrei.petrea1210 is a local directory
23 [140391476960128] INFO perfrun.sdk <> - the directory /tmp/amplxe-tmp-andrei.petrea1210 is a local directory with FS type ID 1481003842
24 [140391476960128] INFO perfrun.launcher <> - Create a local result directory /tmp/amplxe-tmp-andrei.petrea1210/amplxe-res-469981-3954661778192985 due to the user result path /export/home/acs/stud/a/andrei.petrea1210/primalgomst/results_dir/medium_graph is located on a share
24 [140391476960128] INFO perfrun.launcher <> - create data directory = /tmp/amplxe-tmp-andrei.petrea1210/amplxe-res-469981-3954661778192985/data.0
24 [140391476960128] INFO perfrun.launcher <> - create data directory = /export/home/acs/stud/a/andrei.petrea1210/primalgomst/results_dir/medium_graph/data.0
25 [140391476960128] INFO perfrun.launcher <> - Creating the master collection flag
35 [140391476960128] INFO perfrun.launcher <> - Done creating the master collection flag
36 [140391349741312] INFO perfrun.launcher <> - plugin [remoteplug] was disabled because it doesn't support the given collection type.
36 [140391349741312] INFO perfrun.sdk <> - Allocating TMU :/tmp/amplxe-tmp-andrei.petrea1210/amplxe-res-469981-3954661778192985/data.0/systemcollector-469981-fep8.grid.pub.ro.sc
36 [140391349741312] INFO perfrun.system <> - Tpss based collection
37 [140391349741312] INFO perfrun.launcher <> - plugin [ptracecollector] was disabled because it doesn't support the given collection type.
37 [140391349741312] INFO perfrun.launcher <> - plugin [gpu] was disabled because it doesn't support the given collection type.
37 [140391349741312] INFO perfrun.launcher <> - plugin [] was disabled because it doesn't support the given collection type.
37 [140391349741312] INFO perfrun.launcher <> - plugin [] was disabled because it doesn't support the given collection type.
37 [140391349741312] INFO perfrun.launcher <> - plugin [] was disabled because it doesn't support the given collection type.
37 [140391349741312] INFO perfrun.mrte <> - system-wide mode is 0
37 [140391349741312] INFO perfrun.mrte <> - Getting  mrte profiling environment ...
53 [140391349741312] INFO perfrun.mrte <> - INTEL_MRTE_DATA_DIR=/tmp/amplxe-tmp-andrei.petrea1210/amplxe-res-469981-3954661778192985/data.0
53 [140391349741312] INFO perfrun.mrte <> - INTEL_MRTE_HOST_NAME=fep8.grid.pub.ro
53 [140391349741312] INFO perfrun.mrte <> - JAVA_TOOL_OPTIONS=-agentlib:amplxe_samplingmrte_javaprof_1.0 -Dsun.boot.library.path=/opt/intel/oneapi/vtune/2024.2/lib32/runtime:/opt/intel/oneapi/vtune/2024.2/lib64/runtime
53 [140391349741312] INFO perfrun.mrte <> - LD_LIBRARY_PATH=/opt/intel/oneapi/vtune/2024.2/lib32/runtime:/opt/intel/oneapi/vtune/2024.2/lib64/runtime:/opt/intel/oneapi/2024.2/opt/mpi/libfabric/lib:/opt/intel/oneapi/2024.2/opt/compiler/lib:/opt/intel/oneapi/2024.2/lib
53 [140391349741312] INFO perfrun.mrte <> - CORECLR_ENABLE_PROFILING=1
53 [140391349741312] INFO perfrun.mrte <> - CORECLR_PROFILER={AA5E4821-E3B1-479c-B7FF-5AD047D22CED}
53 [140391349741312] INFO perfrun.mrte <> - CORECLR_PROFILER_PATH=/opt/intel/oneapi/vtune/2024.2/lib64/libamplxe_samplingmrte_clrprof_1.0.so
53 [140391349741312] INFO perfrun.mrte <> - INTEL_MRTE_PROFILER_MODE=mixed
53 [140391349741312] INFO perfrun.mrte <> - Data directory: /tmp/amplxe-tmp-andrei.petrea1210/amplxe-res-469981-3954661778192985/data.0
53 [140391349741312] INFO perfrun.mrte <> - Mrte plugin is initialized
53 [140391349741312] INFO perfrun.launcher <> - plugin [emon] was disabled because it doesn't support the given collection type.
53 [140391349741312] INFO perfrun.launcher <> - plugin [cuscol] was disabled because it doesn't support the given collection type.
53 [140391349741312] INFO perfrun.launcher <> - plugin [stdsrc] was disabled because it doesn't support the given collection type.
53 [140391349741312] INFO perfrun.launcher <> - plugin [sep] was disabled because it doesn't support the given collection type.
53 [140391349741312] INFO perfrun.launcher <> - plugin [vtsspp] was disabled because it doesn't support the given collection type.
53 [140391349741312] INFO perfrun.launcher <> - plugin [perf] was disabled because it doesn't support the given collection type.
53 [140391349741312] INFO perfrun.launcher <> - plugin [aoclprofile] was disabled because it doesn't support the given collection type.
53 [140391349741312] INFO perfrun.tpss <> - initialize tpss controller
53 [140391349741312] INFO perfrun.tpss <> - configure collection mode: value = cpu:counters:nostack
54 [140391349741312] INFO perfrun.tpss <> - configure collection mode: value = cpu:stack
54 [140391349741312] INFO perfrun.tpss <> - default obj-size-min=1024
54 [140391349741312] INFO perfrun.tpss <> - default hash-table-size=0
54 [140391349741312] INFO perfrun.launcher <> - plugin [media] was disabled because it doesn't support the given collection type.
54 [140391349741312] INFO perfrun.launcher <> - plugin [] was disabled because it doesn't support the given collection type.
54 [140391349741312] INFO perfrun.launcher <> - plugin [] was disabled because it doesn't support the given collection type.
54 [140391349741312] INFO perfrun.launcher <> - plugin [parallelfs] was disabled because it doesn't support the given collection type.
54 [140391349741312] INFO perfrun.launcher <> - plugin [power] was disabled because it doesn't support the given collection type.
54 [140391349741312] INFO perfrun.launcher <> - plugin [] was disabled because it doesn't support the given collection type.
54 [140391349741312] INFO perfrun.launcher <> - plugin [ipmwatch] was disabled because it doesn't support the given collection type.
54 [140391349741312] INFO perfrun.launcher <> - plugin [os_counters] was disabled because it doesn't support the given collection type.
54 [140391349741312] INFO perfrun.launcher <> - plugin [l0_metrics] was disabled because it doesn't support the given collection type.
54 [140391476960128] INFO perfrun.launcher <> - set environment variable: LD_LIBRARY_PATH = /opt/intel/oneapi/vtune/2024.2/lib32/runtime:/opt/intel/oneapi/vtune/2024.2/lib64/runtime:/opt/intel/oneapi/2024.2/opt/mpi/libfabric/lib:/opt/intel/oneapi/2024.2/opt/compiler/lib:/opt/intel/oneapi/2024.2/lib
54 [140391476960128] INFO perfrun.launcher <> - set environment variable: INTEL_LIBITTNOTIFY32 = /opt/intel/oneapi/vtune/2024.2/lib32/runtime/libittnotify_collector.so
54 [140391476960128] INFO perfrun.launcher <> - set environment variable: INTEL_LIBITTNOTIFY64 = /opt/intel/oneapi/vtune/2024.2/lib64/runtime/libittnotify_collector.so
54 [140391476960128] INFO perfrun.launcher <> - set environment variable: INTEL_ITTNOTIFY_GROUPS = 
55 [140391476960128] INFO perfrun.launcher <> - set environment variable: INTEL_JIT_PROFILER32 = /opt/intel/oneapi/vtune/2024.2/lib32/runtime/libittnotify_collector.so
55 [140391476960128] INFO perfrun.launcher <> - set environment variable: INTEL_JIT_PROFILER64 = /opt/intel/oneapi/vtune/2024.2/lib64/runtime/libittnotify_collector.so
55 [140391476960128] INFO perfrun.launcher <> - set environment variable: CCL_ITT_LEVEL = 1
55 [140391476960128] INFO perfrun.launcher <> - set environment variable: ENABLE_JITPROFILING = 1
55 [140391476960128] INFO perfrun.launcher <> - set environment variable: CL_CONFIG_USE_VTUNE = True
55 [140391476960128] INFO perfrun.launcher <> - set environment variable: KMP_FORKJOIN_FRAMES = 0
55 [140391476960128] INFO perfrun.launcher <> - set environment variable: KMP_FORKJOIN_FRAMES_MODE = 0
55 [140391476960128] INFO perfrun.launcher <> - set environment variable: INTEL_MRTE_DATA_DIR = /tmp/amplxe-tmp-andrei.petrea1210/amplxe-res-469981-3954661778192985/data.0
55 [140391476960128] INFO perfrun.launcher <> - set environment variable: INTEL_MRTE_HOST_NAME = fep8.grid.pub.ro
55 [140391476960128] INFO perfrun.launcher <> - set environment variable: JAVA_TOOL_OPTIONS = -agentlib:amplxe_samplingmrte_javaprof_1.0 -Dsun.boot.library.path=/opt/intel/oneapi/vtune/2024.2/lib32/runtime:/opt/intel/oneapi/vtune/2024.2/lib64/runtime
56 [140391476960128] INFO perfrun.launcher <> - set environment variable: LD_LIBRARY_PATH = /opt/intel/oneapi/vtune/2024.2/lib32/runtime:/opt/intel/oneapi/vtune/2024.2/lib64/runtime:/opt/intel/oneapi/2024.2/opt/mpi/libfabric/lib:/opt/intel/oneapi/2024.2/opt/compiler/lib:/opt/intel/oneapi/2024.2/lib
56 [140391476960128] INFO perfrun.launcher <> - set environment variable: CORECLR_ENABLE_PROFILING = 1
56 [140391476960128] INFO perfrun.launcher <> - set environment variable: CORECLR_PROFILER = {AA5E4821-E3B1-479c-B7FF-5AD047D22CED}
56 [140391476960128] INFO perfrun.launcher <> - set environment variable: CORECLR_PROFILER_PATH = /opt/intel/oneapi/vtune/2024.2/lib64/libamplxe_samplingmrte_clrprof_1.0.so
56 [140391476960128] INFO perfrun.launcher <> - set environment variable: INTEL_MRTE_PROFILER_MODE = mixed
56 [140391476960128] INFO perfrun.launcher <> - RpcServer: run RPC server to handle requests
57 [140391476960128] INFO perfrun.launcher <> - Launcher: command line to start before modification = bin/serial_prim tests/medium_graph.txt
57 [140391476960128] INFO perfrun.launcher <> - Launcher: command line to start after modification = /opt/intel/oneapi/vtune/2024.2/bin64/pin -error_file /tmp/amplxe-tmp-andrei.petrea1210/amplxe-res-469981-3954661778192985/data.0/pinerr.tpsslog -detach_reattach -follow_execv -tool_load_option deepbind -t64 /opt/intel/oneapi/vtune/2024.2/lib64/libtpsstool.so -t /opt/intel/oneapi/vtune/2024.2/lib32/libtpsstool.so -server_name tpss_ipc.469981 -prd_dir /opt/intel/oneapi/vtune/2024.2 -- bin/serial_prim tests/medium_graph.txt
58 [140391476960128] INFO perfrun.launcher <> - ProcessCreator object was created
59 [140391476960128] INFO perfrun.launcher <> - Launcher: the process was started in suspend mode
60 [140391349741312] WARN perfrun.system <> - Could not do anything with /sys/kernel/debug/kvm: boost::filesystem::status: Permission denied [system:13]: "/sys/kernel/debug/kvm", at file: vcs/perfrun1/plugins/system/src/trace_writer.cpp:787
60 [140391349741312] WARN perfrun.system <> - Folder "/var/run/libvirt/qemu/"doesn't exist, at file: vcs/perfrun1/plugins/system/src/trace_writer.cpp:800
61 [140391349741312] INFO perfrun.sdk <> - runCmd: /opt/intel/oneapi/vtune/2024.2/bin64/sep -platform-info
61 [140391349741312] INFO perfrun.sdk <> - runCmd started PID 469987
80 [140391349741312] WARN perfrun.sdk <> - SEP driver is not available, at file: vcs/perfrun1/plugins/pluginsdk/src/device_mapper.cpp:1083
80 [140391349741312] INFO perfrun.sdk <> - runCmd: /opt/intel/oneapi/vtune/2024.2/bin64/amplxe-perf stat --iostat=list
81 [140391349741312] INFO perfrun.sdk <> - runCmd started PID 469988
87 [140391349741312] WARN perfrun.sdk <> - Device mapping through perf is not available on current kernel, at file: vcs/perfrun1/plugins/pluginsdk/src/device_mapper.cpp:1314
89 [140391349741312] INFO perfrun.sdk <> - runCmd: /opt/intel/oneapi/vtune/2024.2/bin64/sep -platform-info
90 [140391349741312] INFO perfrun.sdk <> - runCmd started PID 469989
99 [140391349741312] WARN perfrun.sdk <> - SEP driver is not available, at file: vcs/perfrun1/plugins/pluginsdk/src/device_mapper.cpp:1083
99 [140391349741312] INFO perfrun.sdk <> - runCmd: /opt/intel/oneapi/vtune/2024.2/bin64/amplxe-perf stat --iostat=list
99 [140391349741312] INFO perfrun.sdk <> - runCmd started PID 469990
101 [140391349741312] WARN perfrun.sdk <> - Device mapping through perf is not available on current kernel, at file: vcs/perfrun1/plugins/pluginsdk/src/device_mapper.cpp:1314
102 [140391349741312] WARN perfrun.sdk <> - Failed to find xl binary on any of the system paths: /bin, /sbin, /usr/bin, /usr/sbin., at file: vcs/perfrun1/sdk/src/utils.cpp:204
102 [140391349741312] WARN perfrun.system <> - Could not start ContainerMapping collector, at file: vcs/perfrun1/plugins/system/src/controller.cpp:448
129 [140391349741312] INFO perfrun.vdso <> - Helper runtool '/opt/intel/oneapi/vtune/2024.2/bin32/amplxe-runss -dump-vdso -r /tmp/amplxe-tmp-andrei.petrea1210/amplxe-res-469981-3954661778192985 --tmp-dir /tmp/amplxe-tmp-andrei.petrea1210' returned 0
178 [140391349741312] INFO perfrun.vdso <> - Helper runtool '/opt/intel/oneapi/vtune/2024.2/bin64/amplxe-runss -dump-vdso -r /tmp/amplxe-tmp-andrei.petrea1210/amplxe-res-469981-3954661778192985 --tmp-dir /tmp/amplxe-tmp-andrei.petrea1210' returned 0
178 [140391349741312] INFO perfrun.itt <> - start itt controller for pid #469986
179 [140391349741312] INFO perfrun.tpss <> - start tpss controller for pid #469986
229 [140391476960128] INFO perfrun.launcher <> - Launcher: all plugins were started
230 [140391476960128] INFO perfrun.launcher <> - DirectoryMonitor object was created
230 [140391476960128] INFO perfrun.launcher <> - DirectoryMonitor: a callback was added
230 [140391476960128] INFO perfrun.launcher <> - DirectoryMonitor was started with pingTime = 1000
230 [140391476960128] INFO perfrun.launcher <> - DeadlineTimer is going to be constructed
230 [140391476960128] INFO perfrun.launcher <> - DeadlineTimer: a callback was added
247 [140391476960128] INFO perfrun.launcher <> - Launcher: resume the profiled application and  wait its termination or stop command
596 [140391476960128] INFO perfrun.launcher <> - Launcher: the profiled application was terminated  with exit code = 0
605 [140391349741312] INFO perfrun.itt <> - detach itt controller
605 [140391349741312] INFO perfrun.itt <> - detach itt controller done
605 [140391349741312] INFO perfrun.tpss <> - stop tpss controller
605 [140391349741312] INFO perfrun.sdk <> - De-allocating TMU: /tmp/amplxe-tmp-andrei.petrea1210/amplxe-res-469981-3954661778192985/data.0/systemcollector-469981-fep8.grid.pub.ro.sc
605 [140391349741312] INFO perfrun.system <> - closed the system trace file: /tmp/amplxe-tmp-andrei.petrea1210/amplxe-res-469981-3954661778192985/data.0/systemcollector-469981-fep8.grid.pub.ro.sc
605 [140391476960128] INFO perfrun.launcher <> - Launcher: all plugins were stopped.
605 [140391476960128] INFO perfrun.launcher <> - DeadlineTimer is going to be destroyed
605 [140391476960128] INFO perfrun.launcher <> - DeadlineTimer was destroyed
605 [140391476960128] INFO perfrun.launcher <> - DirectoryMonitor object was destroyed
605 [140391476960128] WARN perfrun.launcher <> - Stop command is ignored because it is received when collection is already stopped, at file: vcs/perfrun1/launcher/src/command_handler.cpp:226
620 [140391476960128] INFO perfrun.launcher <> - Application exit code: 0
620 [140391476960128] INFO perfrun.launcher <> - Exit code: 0
