1 [4132841216] INFO perfrun.launcher <> - Launcher main begin
2 [4132841216] INFO perfrun.launcher <> - MessageCatalogInit finished
2 [4132841216] INFO perfrun.launcher <> - Launcher instance created
2 [4132841216] INFO perfrun.launcher <> - argc = 6; cmdline = /opt/intel/oneapi/vtune/2024.2/bin32/amplxe-runss -dump-vdso -r /tmp/amplxe-tmp-andrei.petrea1210/amplxe-res-469981-3954661778192985 --tmp-dir /tmp/amplxe-tmp-andrei.petrea1210 
10 [4132841216] INFO perfrun.launcher <> - create msngr2::ICliToolContext
10 [4132841216] INFO perfrun.launcher <> - create file finder object
11 [4132227904] INFO perfrun.launcher <> - plugin [remoteplug] was disabled because it doesn't support the given collection type.
11 [4132227904] INFO perfrun.launcher <> - plugin [] was disabled because it doesn't support the given collection type.
11 [4132227904] INFO perfrun.vdso <> - dumping [vdso] pseudomodule
12 [4132227904] INFO perfrun.launcher <> - plugin [] was disabled because it doesn't support the given collection type.
12 [4132227904] INFO perfrun.launcher <> - plugin [] was disabled because it doesn't support the given collection type.
12 [4132227904] INFO perfrun.launcher <> - plugin [] was disabled because it doesn't support the given collection type.
12 [4132227904] INFO perfrun.launcher <> - plugin [] was disabled because it doesn't support the given collection type.
12 [4132227904] INFO perfrun.launcher <> - plugin [] was disabled because it doesn't support the given collection type.
12 [4132227904] INFO perfrun.launcher <> - plugin [] was disabled because it doesn't support the given collection type.
12 [4132227904] INFO perfrun.launcher <> - plugin [] was disabled because it doesn't support the given collection type.
12 [4132227904] INFO perfrun.launcher <> - plugin [] was disabled because it doesn't support the given collection type.
12 [4132227904] INFO perfrun.launcher <> - plugin [] was disabled because it doesn't support the given collection type.
12 [4132227904] INFO perfrun.launcher <> - plugin [] was disabled because it doesn't support the given collection type.
12 [4132227904] INFO perfrun.launcher <> - plugin [] was disabled because it doesn't support the given collection type.
12 [4132227904] INFO perfrun.launcher <> - plugin [] was disabled because it doesn't support the given collection type.
12 [4132227904] INFO perfrun.launcher <> - plugin [] was disabled because it doesn't support the given collection type.
12 [4132227904] INFO perfrun.launcher <> - plugin [] was disabled because it doesn't support the given collection type.
12 [4132227904] INFO perfrun.launcher <> - plugin [] was disabled because it doesn't support the given collection type.
12 [4132227904] INFO perfrun.launcher <> - plugin [] was disabled because it doesn't support the given collection type.
12 [4132227904] INFO perfrun.launcher <> - plugin [] was disabled because it doesn't support the given collection type.
12 [4132227904] INFO perfrun.launcher <> - plugin [] was disabled because it doesn't support the given collection type.
12 [4132227904] INFO perfrun.launcher <> - plugin [] was disabled because it doesn't support the given collection type.
12 [4132227904] INFO perfrun.launcher <> - plugin [] was disabled because it doesn't support the given collection type.
12 [4132227904] INFO perfrun.launcher <> - plugin [] was disabled because it doesn't support the given collection type.
12 [4132227904] INFO perfrun.launcher <> - plugin [] was disabled because it doesn't support the given collection type.
12 [4132227904] INFO perfrun.launcher <> - plugin [] was disabled because it doesn't support the given collection type.
12 [4132227904] INFO perfrun.launcher <> - plugin [] was disabled because it doesn't support the given collection type.
12 [4132841216] INFO perfrun.launcher <> - Application exit code: 0
12 [4132841216] INFO perfrun.launcher <> - Exit code: 0
