make all --print-data-base --no-builtin-variables --no-builtin-rules --question
# GNU Make 4.3
# Built for x86_64-pc-linux-gnu
# Copyright (C) 1988-2020 Free Software Foundation, Inc.
# License GPLv3+: GNU GPL version 3 or later <http://gnu.org/licenses/gpl.html>
# This is free software: you are free to change and redistribute it.
# There is NO WARRANTY, to the extent permitted by law.

# Make data base, printed on Mon May  2 16:23:07 2022

# Variables

# environment
GDK_BACKEND = x11
# environment
LC_ALL = C
# environment
GTK_RC_FILES = /etc/gtk/gtkrc:/home/adrian/.gtkrc:/home/adrian/.config/gtkrc
# environment
VSCODE_IPC_HOOK_EXTHOST = /run/user/1000/vscode-ipc-ab147b96-682e-4faf-b0e3-8ce9c954ccd2.sock
# environment
MANDATORY_PATH = /usr/share/gconf/plasma.mandatory.path
# environment
LC_NAME = ro_RO.UTF-8
# environment
LC_NUMERIC = C.UTF-8
# environment
VSCODE_CWD = /home/adrian
# environment
LC_ADDRESS = ro_RO.UTF-8
# default
MAKE_COMMAND := make
# environment
QT_ACCESSIBILITY = 1
# automatic
@D = $(patsubst %/,%,$(dir $@))
# environment
VSCODE_HANDLES_UNCAUGHT_ERRORS = true
# default
.VARIABLES := 
# environment
PWD = /home/adrian/Dropbox/Facultate/Anul 1/Sem 1/PCLP1/tema1
# automatic
%D = $(patsubst %/,%,$(dir $%))
# environment
PS1 = \[\033[38;5;135m\]\u\[\]@\[\]\[\033[38;5;228m\]\h\[\]:\[\]\[\033[38;5;87m\]\w\[\]\$ \[\]
# environment
XDG_DATA_DIRS = /usr/share/plasma:/usr/local/share:/usr/share:/var/lib/snapd/desktop
# automatic
^D = $(patsubst %/,%,$(dir $^))
# environment
VSCODE_LOG_STACK = false
# automatic
%F = $(notdir $%)
# environment
VSCODE_CODE_CACHE_PATH = /home/adrian/.config/Code/CachedData/dfd34e8260c270da74b5c2d86d61aee4b6d56977
# environment
XDG_SESSION_PATH = /org/freedesktop/DisplayManager/Session1
# environment
LANG = C
# environment
XAUTHORITY = /home/adrian/.Xauthority
# default
.LOADED := 
# default
.INCLUDE_DIRS = /usr/local/include /usr/include /usr/include
# makefile
MAKEFLAGS = pqrR
# makefile
CURDIR := /home/adrian/Dropbox/Facultate/Anul 1/Sem 1/PCLP1/tema1
# environment
VSCODE_PIPE_LOGGING = true
# environment
APPLICATION_INSIGHTS_NO_DIAGNOSTIC_CHANNEL = 1
# environment
LESSOPEN = | /usr/bin/lesspipe %s
# automatic
*D = $(patsubst %/,%,$(dir $*))
# environment
PAM_KWALLET5_LOGIN = /run/user/1000/kwallet5.socket
# environment
MFLAGS = -pqrR
# environment
SSH_AUTH_SOCK = /tmp/ssh-ZEaThqClXFub/agent.3520
# default
.SHELLFLAGS := -c
# environment
XDG_CONFIG_DIRS = /home/adrian/.config/kdedefaults:/etc/xdg/xdg-plasma:/etc/xdg:/usr/share/kubuntu-default-settings/kf5-settings
# automatic
+D = $(patsubst %/,%,$(dir $+))
# environment
XCURSOR_THEME = macOSBigSur
# environment
XDG_SESSION_DESKTOP = KDE
# makefile (from 'Makefile', line 1)
MAKEFILE_LIST := Makefile
# automatic
@F = $(notdir $@)
# environment
VSCODE_VERBOSE_LOGGING = true
# environment
VSCODE_PID = 71843
# environment
XDG_SESSION_TYPE = x11
# automatic
?D = $(patsubst %/,%,$(dir $?))
# environment
SESSION_MANAGER = local/cave:@/tmp/.ICE-unix/4002,unix/cave:/tmp/.ICE-unix/4002
# automatic
*F = $(notdir $*)
# environment
CHROME_DESKTOP = code-url-handler.desktop
# environment
DBUS_SESSION_BUS_ADDRESS = unix:path=/run/user/1000/bus
# automatic
<D = $(patsubst %/,%,$(dir $<))
# environment
VSCODE_NLS_CONFIG = {"locale":"en-us","availableLanguages":{},"_languagePackSupport":true}
# default
MAKE_HOST := x86_64-pc-linux-gnu
# makefile
SHELL = /bin/sh
# default
MAKECMDGOALS := all
# environment
XMODIFIERS = @im=fcitx
# environment
SHLVL = 0
# environment
MAKELEVEL := 0
# default
MAKE = $(MAKE_COMMAND)
# environment
PATH = /home/adrian/.local/bin:/home/adrian/Documents/anaconda3/bin:/home/adrian/spicetify-cli:/home/adrian/.local/bin:/usr/local/sbin:/usr/local/bin:/usr/sbin:/usr/bin:/sbin:/bin:/usr/games:/usr/local/games:/snap/bin
# default
MAKEFILES := 
# environment
LC_MONETARY = ro_RO.UTF-8
# automatic
^F = $(notdir $^)
# environment
LC_TIME = C.UTF-8
# environment
VSCODE_LOG_NATIVE = false
# environment
LC_TELEPHONE = ro_RO.UTF-8
# environment
LESSCLOSE = /usr/bin/lesspipe %s %s
# automatic
?F = $(notdir $?)
# environment
KDE_APPLICATIONS_AS_SCOPE = 1
# environment
XDG_SEAT = seat0
# environment
GTK_IM_MODULE = fcitx
# environment
XDG_CURRENT_DESKTOP = KDE
# environment
LS_COLORS = 
# automatic
+F = $(notdir $+)
# environment
XDG_SEAT_PATH = /org/freedesktop/DisplayManager/Seat0
# environment
DESKTOP_SESSION = plasma
# environment
ORIGINAL_XDG_CURRENT_DESKTOP = KDE
# 'override' directive
GNUMAKEFLAGS := 
# environment
CLUTTER_IM_MODULE = fcitx
# environment
SPICETIFY_INSTALL = /home/adrian/spicetify-cli
# environment
LOGNAME = adrian
# environment
XDG_VTNR = 1
# makefile
.DEFAULT_GOAL := all
# environment
SYSTEMD_EXEC_PID = 3417
# environment
DISPLAY = :0
# environment
USER = adrian
# environment
DEFAULTS_PATH = /usr/share/gconf/plasma.default.path
# environment
KDE_SESSION_UID = 1000
# default
MAKE_VERSION := 4.3
# environment
LC_MEASUREMENT = ro_RO.UTF-8
# environment
SSH_AGENT_PID = 3673
# environment
_ = /usr/share/code/code
# environment
LC_PAPER = ro_RO.UTF-8
# environment
XDG_RUNTIME_DIR = /run/user/1000
# makefile (from 'Makefile', line 3)
CFLAGS = -g -Wall -lm
# environment
GPG_AGENT_INFO = /run/user/1000/gnupg/S.gpg-agent:0:1
# environment
XDG_SESSION_CLASS = user
# environment
VSCODE_AMD_ENTRYPOINT = vs/workbench/api/node/extensionHostProcess
# environment
GTK2_RC_FILES = /etc/gtk-2.0/gtkrc:/home/adrian/.gtkrc-2.0:/home/adrian/.config/gtkrc-2.0
# environment
HOME = /home/adrian
# environment
QT_IM_MODULE = fcitx
# environment
ELECTRON_RUN_AS_NODE = 1
# environment
VSCODE_IPC_HOOK = /run/user/1000/vscode-51361c4f-1.66.2-main.sock
# environment
XDG_SESSION_ID = 3
# environment
XCURSOR_SIZE = 24
# environment
IM_CONFIG_PHASE = 1
# default
.RECIPEPREFIX := 
# automatic
<F = $(notdir $<)
# default
SUFFIXES := 
# environment
QT_AUTO_SCREEN_SCALE_FACTOR = 0
# environment
KDE_SESSION_VERSION = 5
# default
.FEATURES := target-specific order-only second-expansion else-if shortest-stem undefine oneshell nocomment grouped-target extra-prereqs archives jobserver output-sync check-symlink load
# makefile (from 'Makefile', line 2)
CC = gcc
# environment
KDE_FULL_SESSION = true
# environment
LC_IDENTIFICATION = ro_RO.UTF-8
# variable set hash-table stats:
# Load=116/1024=11%, Rehash=0, Collisions=6/151=4%

# Pattern-specific Variable Values

# No pattern-specific variable values.

# Directories

# . (device 66306, inode 30280902): 13 files, no impossibilities.

# 13 files, no impossibilities in 1 directories.

# Implicit Rules

# No implicit rules.

# Files

problema3: problema3.c
#  Implicit rule search has not been done.
#  Modification time never checked.
#  File has not been updated.
#  recipe to execute (from 'Makefile', line 15):
	$(CC) -o problema3 problema3.c $(CFLAGS)

# Not a target:
problema3.c:
#  Implicit rule search has not been done.
#  Modification time never checked.
#  File has not been updated.

problema1: problema1.c
#  Implicit rule search has not been done.
#  Implicit/static pattern stem: ''
#  File does not exist.
#  File has been updated.
#  Needs to be updated (-q is set).
# automatic
 
# @ := problema1
# automatic
# * := 
# automatic
# < := problema1.c
# automatic
# + := problema1.c
# automatic
# % := 
# automatic
# ^ := problema1.c
# automatic
# ? := problema1.c
# automatic
# | := 
# variable set hash-table stats:
# Load=8/32=25%, Rehash=0, Collisions=2/13=15%
#  recipe to execute (from 'Makefile', line 9):
	$(CC) -o problema1 problema1.c $(CFLAGS)

# Not a target:
Makefile:
#  Implicit rule search has been done.
#  Last modified 2021-11-25 23:08:52
#  File has been updated.
#  Successfully updated.

problema4: problema4.c
#  Implicit rule search has not been done.
#  Modification time never checked.
#  File has not been updated.
#  recipe to execute (from 'Makefile', line 18):
	$(CC) -o problema4 problema4.c $(CFLAGS)

clean:
#  Phony target (prerequisite of .PHONY).
#  Implicit rule search has not been done.
#  File does not exist.
#  File has not been updated.
#  recipe to execute (from 'Makefile', line 24):
	rm -f problema1 problema2 problema3 problema4
	rm -f *.out

# Not a target:
problema2.c:
#  Implicit rule search has not been done.
#  Modification time never checked.
#  File has not been updated.

# Not a target:
.DEFAULT:
#  Implicit rule search has not been done.
#  Modification time never checked.
#  File has not been updated.

all: problema1 problema2 problema3 problema4
#  Command line target.
#  Implicit rule search has been done.
#  File does not exist.
#  File has been updated.
#  Needs to be updated (-q is set).
# variable set hash-table stats:
# Load=0/32=0%, Rehash=0, Collisions=0/5=0%

problema2: problema2.c
#  Implicit rule search has not been done.
#  Modification time never checked.
#  File has not been updated.
#  recipe to execute (from 'Makefile', line 12):
	$(CC) -o problema2 problema2.c $(CFLAGS)

# Not a target:
problema4.c:
#  Implicit rule search has not been done.
#  Modification time never checked.
#  File has not been updated.

# Not a target:
problema1.c:
#  Implicit rule search has been done.
#  Last modified 2021-12-09 19:45:32.218913271
#  File has been updated.
#  Successfully updated.

# Not a target:
.SUFFIXES:
#  Implicit rule search has not been done.
#  Modification time never checked.
#  File has not been updated.

.PHONY: clean
#  Implicit rule search has not been done.
#  Modification time never checked.
#  File has not been updated.

# files hash-table stats:
# Load=14/1024=1%, Rehash=0, Collisions=0/40=0%
# VPATH Search Paths

# No 'vpath' search paths.

# No general ('VPATH' variable) search path.

# strcache buffers: 1 (0) / strings = 24 / storage = 222 B / avg = 9 B
# current buf: size = 8162 B / used = 222 B / count = 24 / avg = 9 B

# strcache performance: lookups = 46 / hit rate = 47%
# hash-table stats:
# Load=24/8192=0%, Rehash=0, Collisions=0/46=0%
# Finished Make data base on Mon May  2 16:23:07 2022

 
