Copyright 1986-2022 Xilinx, Inc. All Rights Reserved.
---------------------------------------------------------------------------------------
| Tool Version : Vivado v.2022.1 (win64) Build 3526262 Mon Apr 18 15:48:16 MDT 2022
| Date         : Tue Apr 11 14:45:07 2023
| Host         : Lenovo-EF001 running 64-bit major release  (build 9200)
| Command      : report_control_sets -verbose -file cronometru_control_sets_placed.rpt
| Design       : cronometru
| Device       : xc7a100t
---------------------------------------------------------------------------------------

Control Set Information

Table of Contents
-----------------
1. Summary
2. Histogram
3. Flip-Flop Distribution
4. Detailed Control Set Information

1. Summary
----------

+----------------------------------------------------------+-------+
|                          Status                          | Count |
+----------------------------------------------------------+-------+
| Total control sets                                       |     9 |
|    Minimum number of control sets                        |     9 |
|    Addition due to synthesis replication                 |     0 |
|    Addition due to physical synthesis replication        |     0 |
| Unused register locations in slices containing registers |    50 |
+----------------------------------------------------------+-------+
* Control sets can be merged at opt_design using control_set_merge or merge_equivalent_drivers
** Run report_qor_suggestions for automated merging and remapping suggestions


2. Histogram
------------

+--------------------+-------+
|       Fanout       | Count |
+--------------------+-------+
| Total control sets |     9 |
| >= 0 to < 4        |     5 |
| >= 4 to < 6        |     0 |
| >= 6 to < 8        |     2 |
| >= 8 to < 10       |     1 |
| >= 10 to < 12      |     0 |
| >= 12 to < 14      |     0 |
| >= 14 to < 16      |     0 |
| >= 16              |     1 |
+--------------------+-------+
* Control sets can be remapped at either synth_design or opt_design


3. Flip-Flop Distribution
-------------------------

+--------------+-----------------------+------------------------+-----------------+--------------+
| Clock Enable | Synchronous Set/Reset | Asynchronous Set/Reset | Total Registers | Total Slices |
+--------------+-----------------------+------------------------+-----------------+--------------+
| No           | No                    | No                     |              10 |            3 |
| No           | No                    | Yes                    |               0 |            0 |
| No           | Yes                   | No                     |              32 |           11 |
| Yes          | No                    | No                     |               0 |            0 |
| Yes          | No                    | Yes                    |               0 |            0 |
| Yes          | Yes                   | No                     |              12 |            4 |
+--------------+-----------------------+------------------------+-----------------+--------------+


4. Detailed Control Set Information
-----------------------------------

+-------------------+---------------+-----------------------------------+------------------+----------------+--------------+
|    Clock Signal   | Enable Signal |          Set/Reset Signal         | Slice Load Count | Bel Load Count | Bels / Slice |
+-------------------+---------------+-----------------------------------+------------------+----------------+--------------+
|  ceas/clk_out_seg |               | afis/DP_i_1_n_0                   |                1 |              1 |         1.00 |
|  ceas/clk_out_seg |               | afis/S[0]_i_1_n_0                 |                1 |              1 |         1.00 |
|  ceas/clk_out_seg |               | afis/S[0]                         |                1 |              1 |         1.00 |
|  ceas/S[0]        |               |                                   |                1 |              1 |         1.00 |
|  ceas/clk_out_seg |               | afis/S[1]                         |                1 |              2 |         2.00 |
|  num_sec/CLK      | num_sec/E[0]  | num_min/valoare_bin[5]_i_1__0_n_0 |                2 |              6 |         3.00 |
|  ceas/S[0]        | num_sec/E[0]  | num_sec/valoare_bin[5]_i_1_n_0    |                2 |              6 |         3.00 |
|  ceas/clk_out_seg |               |                                   |                2 |              9 |         4.50 |
|  clk_in_IBUF_BUFG |               | reset_IBUF                        |                7 |             27 |         3.86 |
+-------------------+---------------+-----------------------------------+------------------+----------------+--------------+


