9 [4133558016] INFO perfrun.launcher <> - Launcher main begin
10 [4133558016] INFO perfrun.launcher <> - MessageCatalogInit finished
10 [4133558016] INFO perfrun.launcher <> - Launcher instance created
10 [4133558016] INFO perfrun.launcher <> - argc = 6; cmdline = /opt/intel/oneapi/vtune/2024.2/bin32/amplxe-runss -dump-vdso -r /tmp/amplxe-tmp-andrei.petrea1210/amplxe-res-469824-3954593614315903 --tmp-dir /tmp/amplxe-tmp-andrei.petrea1210 
20 [4133558016] INFO perfrun.launcher <> - create msngr2::ICliToolContext
20 [4133558016] INFO perfrun.launcher <> - create file finder object
23 [4132944704] INFO perfrun.launcher <> - plugin [remoteplug] was disabled because it doesn't support the given collection type.
23 [4132944704] INFO perfrun.launcher <> - plugin [] was disabled because it doesn't support the given collection type.
23 [4132944704] INFO perfrun.vdso <> - dumping [vdso] pseudomodule
25 [4132944704] INFO perfrun.launcher <> - plugin [] was disabled because it doesn't support the given collection type.
25 [4132944704] INFO perfrun.launcher <> - plugin [] was disabled because it doesn't support the given collection type.
25 [4132944704] INFO perfrun.launcher <> - plugin [] was disabled because it doesn't support the given collection type.
25 [4132944704] INFO perfrun.launcher <> - plugin [] was disabled because it doesn't support the given collection type.
25 [4132944704] INFO perfrun.launcher <> - plugin [] was disabled because it doesn't support the given collection type.
25 [4132944704] INFO perfrun.launcher <> - plugin [] was disabled because it doesn't support the given collection type.
25 [4132944704] INFO perfrun.launcher <> - plugin [] was disabled because it doesn't support the given collection type.
25 [4132944704] INFO perfrun.launcher <> - plugin [] was disabled because it doesn't support the given collection type.
25 [4132944704] INFO perfrun.launcher <> - plugin [] was disabled because it doesn't support the given collection type.
25 [4132944704] INFO perfrun.launcher <> - plugin [] was disabled because it doesn't support the given collection type.
26 [4132944704] INFO perfrun.launcher <> - plugin [] was disabled because it doesn't support the given collection type.
26 [4132944704] INFO perfrun.launcher <> - plugin [] was disabled because it doesn't support the given collection type.
26 [4132944704] INFO perfrun.launcher <> - plugin [] was disabled because it doesn't support the given collection type.
26 [4132944704] INFO perfrun.launcher <> - plugin [] was disabled because it doesn't support the given collection type.
26 [4132944704] INFO perfrun.launcher <> - plugin [] was disabled because it doesn't support the given collection type.
26 [4132944704] INFO perfrun.launcher <> - plugin [] was disabled because it doesn't support the given collection type.
26 [4132944704] INFO perfrun.launcher <> - plugin [] was disabled because it doesn't support the given collection type.
26 [4132944704] INFO perfrun.launcher <> - plugin [] was disabled because it doesn't support the given collection type.
26 [4132944704] INFO perfrun.launcher <> - plugin [] was disabled because it doesn't support the given collection type.
26 [4132944704] INFO perfrun.launcher <> - plugin [] was disabled because it doesn't support the given collection type.
26 [4132944704] INFO perfrun.launcher <> - plugin [] was disabled because it doesn't support the given collection type.
26 [4132944704] INFO perfrun.launcher <> - plugin [] was disabled because it doesn't support the given collection type.
26 [4132944704] INFO perfrun.launcher <> - plugin [] was disabled because it doesn't support the given collection type.
26 [4132944704] INFO perfrun.launcher <> - plugin [] was disabled because it doesn't support the given collection type.
26 [4133558016] INFO perfrun.launcher <> - Application exit code: 0
26 [4133558016] INFO perfrun.launcher <> - Exit code: 0
