2 [140225650981760] INFO perfrun.launcher <> - Launcher main begin
3 [140225650981760] INFO perfrun.launcher <> - MessageCatalogInit finished
3 [140225650981760] INFO perfrun.launcher <> - Launcher instance created
3 [140225650981760] INFO perfrun.launcher <> - argc = 7; cmdline = /opt/intel/oneapi/vtune/2024.2/bin64/amplxe-runss --ui-output-format xml --ui-output-fd 6 --option-file /export/home/acs/stud/a/andrei.petrea1210/primalgomst/results_dir/sparse_graph/config/runss.options 
8 [140225650981760] INFO perfrun.perfcollector <> - SEP tool path: /opt/intel/oneapi/vtune/2024.2/bin64/sep
21 [140225650981760] INFO perfrun.launcher <> - create msngr2::ICliToolContext
21 [140225650981760] INFO perfrun.launcher <> - create file finder object
21 [140225650981760] INFO perfrun.launcher <> - create a result directory: pattern = /export/home/acs/stud/a/andrei.petrea1210/primalgomst/results_dir/sparse_graph pid = 4294967295
22 [140225650981760] INFO perfrun.sdk <> - checked that the directory /export/home/acs/stud/a/andrei.petrea1210/primalgomst/results_dir/sparse_graph is a local directory
23 [140225650981760] INFO perfrun.sdk <> - the directory /export/home/acs/stud/a/andrei.petrea1210/primalgomst/results_dir/sparse_graph is located on a share or its FS ID is unknown 12805120
23 [140225650981760] INFO perfrun.sdk <> - checked that the directory /tmp/amplxe-tmp-andrei.petrea1210 is a local directory
23 [140225650981760] INFO perfrun.sdk <> - the directory /tmp/amplxe-tmp-andrei.petrea1210 is a local directory with FS type ID 1481003842
23 [140225650981760] INFO perfrun.launcher <> - Create a local result directory /tmp/amplxe-tmp-andrei.petrea1210/amplxe-res-470251-3954766443871867 due to the user result path /export/home/acs/stud/a/andrei.petrea1210/primalgomst/results_dir/sparse_graph is located on a share
23 [140225650981760] INFO perfrun.launcher <> - create data directory = /tmp/amplxe-tmp-andrei.petrea1210/amplxe-res-470251-3954766443871867/data.0
24 [140225650981760] INFO perfrun.launcher <> - create data directory = /export/home/acs/stud/a/andrei.petrea1210/primalgomst/results_dir/sparse_graph/data.0
24 [140225650981760] INFO perfrun.launcher <> - Creating the master collection flag
43 [140225650981760] INFO perfrun.launcher <> - Done creating the master collection flag
44 [140225523762944] INFO perfrun.launcher <> - plugin [remoteplug] was disabled because it doesn't support the given collection type.
45 [140225523762944] INFO perfrun.sdk <> - Allocating TMU :/tmp/amplxe-tmp-andrei.petrea1210/amplxe-res-470251-3954766443871867/data.0/systemcollector-470251-fep8.grid.pub.ro.sc
45 [140225523762944] INFO perfrun.system <> - Tpss based collection
45 [140225523762944] INFO perfrun.launcher <> - plugin [ptracecollector] was disabled because it doesn't support the given collection type.
46 [140225523762944] INFO perfrun.launcher <> - plugin [gpu] was disabled because it doesn't support the given collection type.
46 [140225523762944] INFO perfrun.launcher <> - plugin [] was disabled because it doesn't support the given collection type.
46 [140225523762944] INFO perfrun.launcher <> - plugin [] was disabled because it doesn't support the given collection type.
46 [140225523762944] INFO perfrun.launcher <> - plugin [] was disabled because it doesn't support the given collection type.
46 [140225523762944] INFO perfrun.mrte <> - system-wide mode is 0
46 [140225523762944] INFO perfrun.mrte <> - Getting  mrte profiling environment ...
61 [140225523762944] INFO perfrun.mrte <> - INTEL_MRTE_DATA_DIR=/tmp/amplxe-tmp-andrei.petrea1210/amplxe-res-470251-3954766443871867/data.0
61 [140225523762944] INFO perfrun.mrte <> - INTEL_MRTE_HOST_NAME=fep8.grid.pub.ro
61 [140225523762944] INFO perfrun.mrte <> - JAVA_TOOL_OPTIONS=-agentlib:amplxe_samplingmrte_javaprof_1.0 -Dsun.boot.library.path=/opt/intel/oneapi/vtune/2024.2/lib32/runtime:/opt/intel/oneapi/vtune/2024.2/lib64/runtime
61 [140225523762944] INFO perfrun.mrte <> - LD_LIBRARY_PATH=/opt/intel/oneapi/vtune/2024.2/lib32/runtime:/opt/intel/oneapi/vtune/2024.2/lib64/runtime:/opt/intel/oneapi/2024.2/opt/mpi/libfabric/lib:/opt/intel/oneapi/2024.2/opt/compiler/lib:/opt/intel/oneapi/2024.2/lib
61 [140225523762944] INFO perfrun.mrte <> - CORECLR_ENABLE_PROFILING=1
61 [140225523762944] INFO perfrun.mrte <> - CORECLR_PROFILER={AA5E4821-E3B1-479c-B7FF-5AD047D22CED}
61 [140225523762944] INFO perfrun.mrte <> - CORECLR_PROFILER_PATH=/opt/intel/oneapi/vtune/2024.2/lib64/libamplxe_samplingmrte_clrprof_1.0.so
61 [140225523762944] INFO perfrun.mrte <> - INTEL_MRTE_PROFILER_MODE=mixed
61 [140225523762944] INFO perfrun.mrte <> - Data directory: /tmp/amplxe-tmp-andrei.petrea1210/amplxe-res-470251-3954766443871867/data.0
61 [140225523762944] INFO perfrun.mrte <> - Mrte plugin is initialized
61 [140225523762944] INFO perfrun.launcher <> - plugin [emon] was disabled because it doesn't support the given collection type.
61 [140225523762944] INFO perfrun.launcher <> - plugin [cuscol] was disabled because it doesn't support the given collection type.
62 [140225523762944] INFO perfrun.launcher <> - plugin [stdsrc] was disabled because it doesn't support the given collection type.
62 [140225523762944] INFO perfrun.launcher <> - plugin [sep] was disabled because it doesn't support the given collection type.
62 [140225523762944] INFO perfrun.launcher <> - plugin [vtsspp] was disabled because it doesn't support the given collection type.
62 [140225523762944] INFO perfrun.launcher <> - plugin [perf] was disabled because it doesn't support the given collection type.
62 [140225523762944] INFO perfrun.launcher <> - plugin [aoclprofile] was disabled because it doesn't support the given collection type.
62 [140225523762944] INFO perfrun.tpss <> - initialize tpss controller
62 [140225523762944] INFO perfrun.tpss <> - configure collection mode: value = cpu:counters:nostack
62 [140225523762944] INFO perfrun.tpss <> - configure collection mode: value = cpu:stack
62 [140225523762944] INFO perfrun.tpss <> - default obj-size-min=1024
62 [140225523762944] INFO perfrun.tpss <> - default hash-table-size=0
62 [140225523762944] INFO perfrun.launcher <> - plugin [media] was disabled because it doesn't support the given collection type.
62 [140225523762944] INFO perfrun.launcher <> - plugin [] was disabled because it doesn't support the given collection type.
62 [140225523762944] INFO perfrun.launcher <> - plugin [] was disabled because it doesn't support the given collection type.
62 [140225523762944] INFO perfrun.launcher <> - plugin [parallelfs] was disabled because it doesn't support the given collection type.
62 [140225523762944] INFO perfrun.launcher <> - plugin [power] was disabled because it doesn't support the given collection type.
62 [140225523762944] INFO perfrun.launcher <> - plugin [] was disabled because it doesn't support the given collection type.
62 [140225523762944] INFO perfrun.launcher <> - plugin [ipmwatch] was disabled because it doesn't support the given collection type.
62 [140225523762944] INFO perfrun.launcher <> - plugin [os_counters] was disabled because it doesn't support the given collection type.
62 [140225523762944] INFO perfrun.launcher <> - plugin [l0_metrics] was disabled because it doesn't support the given collection type.
62 [140225650981760] INFO perfrun.launcher <> - set environment variable: LD_LIBRARY_PATH = /opt/intel/oneapi/vtune/2024.2/lib32/runtime:/opt/intel/oneapi/vtune/2024.2/lib64/runtime:/opt/intel/oneapi/2024.2/opt/mpi/libfabric/lib:/opt/intel/oneapi/2024.2/opt/compiler/lib:/opt/intel/oneapi/2024.2/lib
62 [140225650981760] INFO perfrun.launcher <> - set environment variable: INTEL_LIBITTNOTIFY32 = /opt/intel/oneapi/vtune/2024.2/lib32/runtime/libittnotify_collector.so
62 [140225650981760] INFO perfrun.launcher <> - set environment variable: INTEL_LIBITTNOTIFY64 = /opt/intel/oneapi/vtune/2024.2/lib64/runtime/libittnotify_collector.so
62 [140225650981760] INFO perfrun.launcher <> - set environment variable: INTEL_ITTNOTIFY_GROUPS = 
62 [140225650981760] INFO perfrun.launcher <> - set environment variable: INTEL_JIT_PROFILER32 = /opt/intel/oneapi/vtune/2024.2/lib32/runtime/libittnotify_collector.so
62 [140225650981760] INFO perfrun.launcher <> - set environment variable: INTEL_JIT_PROFILER64 = /opt/intel/oneapi/vtune/2024.2/lib64/runtime/libittnotify_collector.so
62 [140225650981760] INFO perfrun.launcher <> - set environment variable: CCL_ITT_LEVEL = 1
63 [140225650981760] INFO perfrun.launcher <> - set environment variable: ENABLE_JITPROFILING = 1
63 [140225650981760] INFO perfrun.launcher <> - set environment variable: CL_CONFIG_USE_VTUNE = True
63 [140225650981760] INFO perfrun.launcher <> - set environment variable: KMP_FORKJOIN_FRAMES = 0
63 [140225650981760] INFO perfrun.launcher <> - set environment variable: KMP_FORKJOIN_FRAMES_MODE = 0
63 [140225650981760] INFO perfrun.launcher <> - set environment variable: INTEL_MRTE_DATA_DIR = /tmp/amplxe-tmp-andrei.petrea1210/amplxe-res-470251-3954766443871867/data.0
63 [140225650981760] INFO perfrun.launcher <> - set environment variable: INTEL_MRTE_HOST_NAME = fep8.grid.pub.ro
63 [140225650981760] INFO perfrun.launcher <> - set environment variable: JAVA_TOOL_OPTIONS = -agentlib:amplxe_samplingmrte_javaprof_1.0 -Dsun.boot.library.path=/opt/intel/oneapi/vtune/2024.2/lib32/runtime:/opt/intel/oneapi/vtune/2024.2/lib64/runtime
63 [140225650981760] INFO perfrun.launcher <> - set environment variable: LD_LIBRARY_PATH = /opt/intel/oneapi/vtune/2024.2/lib32/runtime:/opt/intel/oneapi/vtune/2024.2/lib64/runtime:/opt/intel/oneapi/2024.2/opt/mpi/libfabric/lib:/opt/intel/oneapi/2024.2/opt/compiler/lib:/opt/intel/oneapi/2024.2/lib
63 [140225650981760] INFO perfrun.launcher <> - set environment variable: CORECLR_ENABLE_PROFILING = 1
63 [140225650981760] INFO perfrun.launcher <> - set environment variable: CORECLR_PROFILER = {AA5E4821-E3B1-479c-B7FF-5AD047D22CED}
63 [140225650981760] INFO perfrun.launcher <> - set environment variable: CORECLR_PROFILER_PATH = /opt/intel/oneapi/vtune/2024.2/lib64/libamplxe_samplingmrte_clrprof_1.0.so
63 [140225650981760] INFO perfrun.launcher <> - set environment variable: INTEL_MRTE_PROFILER_MODE = mixed
63 [140225650981760] INFO perfrun.launcher <> - RpcServer: run RPC server to handle requests
64 [140225650981760] INFO perfrun.launcher <> - Launcher: command line to start before modification = bin/serial_prim tests/sparse_graph.txt
64 [140225650981760] INFO perfrun.launcher <> - Launcher: command line to start after modification = /opt/intel/oneapi/vtune/2024.2/bin64/pin -error_file /tmp/amplxe-tmp-andrei.petrea1210/amplxe-res-470251-3954766443871867/data.0/pinerr.tpsslog -detach_reattach -follow_execv -tool_load_option deepbind -t64 /opt/intel/oneapi/vtune/2024.2/lib64/libtpsstool.so -t /opt/intel/oneapi/vtune/2024.2/lib32/libtpsstool.so -server_name tpss_ipc.470251 -prd_dir /opt/intel/oneapi/vtune/2024.2 -- bin/serial_prim tests/sparse_graph.txt
64 [140225650981760] INFO perfrun.launcher <> - ProcessCreator object was created
65 [140225650981760] INFO perfrun.launcher <> - Launcher: the process was started in suspend mode
67 [140225523762944] WARN perfrun.system <> - Could not do anything with /sys/kernel/debug/kvm: boost::filesystem::status: Permission denied [system:13]: "/sys/kernel/debug/kvm", at file: vcs/perfrun1/plugins/system/src/trace_writer.cpp:787
67 [140225523762944] WARN perfrun.system <> - Folder "/var/run/libvirt/qemu/"doesn't exist, at file: vcs/perfrun1/plugins/system/src/trace_writer.cpp:800
69 [140225523762944] INFO perfrun.sdk <> - runCmd: /opt/intel/oneapi/vtune/2024.2/bin64/sep -platform-info
70 [140225523762944] INFO perfrun.sdk <> - runCmd started PID 470258
77 [140225523762944] WARN perfrun.sdk <> - SEP driver is not available, at file: vcs/perfrun1/plugins/pluginsdk/src/device_mapper.cpp:1083
77 [140225523762944] INFO perfrun.sdk <> - runCmd: /opt/intel/oneapi/vtune/2024.2/bin64/amplxe-perf stat --iostat=list
78 [140225523762944] INFO perfrun.sdk <> - runCmd started PID 470259
79 [140225523762944] WARN perfrun.sdk <> - Device mapping through perf is not available on current kernel, at file: vcs/perfrun1/plugins/pluginsdk/src/device_mapper.cpp:1314
84 [140225523762944] INFO perfrun.sdk <> - runCmd: /opt/intel/oneapi/vtune/2024.2/bin64/sep -platform-info
84 [140225523762944] INFO perfrun.sdk <> - runCmd started PID 470260
90 [140225523762944] WARN perfrun.sdk <> - SEP driver is not available, at file: vcs/perfrun1/plugins/pluginsdk/src/device_mapper.cpp:1083
90 [140225523762944] INFO perfrun.sdk <> - runCmd: /opt/intel/oneapi/vtune/2024.2/bin64/amplxe-perf stat --iostat=list
91 [140225523762944] INFO perfrun.sdk <> - runCmd started PID 470261
93 [140225523762944] WARN perfrun.sdk <> - Device mapping through perf is not available on current kernel, at file: vcs/perfrun1/plugins/pluginsdk/src/device_mapper.cpp:1314
93 [140225523762944] WARN perfrun.sdk <> - Failed to find xl binary on any of the system paths: /bin, /sbin, /usr/bin, /usr/sbin., at file: vcs/perfrun1/sdk/src/utils.cpp:204
93 [140225523762944] WARN perfrun.system <> - Could not start ContainerMapping collector, at file: vcs/perfrun1/plugins/system/src/controller.cpp:448
122 [140225523762944] INFO perfrun.vdso <> - Helper runtool '/opt/intel/oneapi/vtune/2024.2/bin32/amplxe-runss -dump-vdso -r /tmp/amplxe-tmp-andrei.petrea1210/amplxe-res-470251-3954766443871867 --tmp-dir /tmp/amplxe-tmp-andrei.petrea1210' returned 0
161 [140225523762944] INFO perfrun.vdso <> - Helper runtool '/opt/intel/oneapi/vtune/2024.2/bin64/amplxe-runss -dump-vdso -r /tmp/amplxe-tmp-andrei.petrea1210/amplxe-res-470251-3954766443871867 --tmp-dir /tmp/amplxe-tmp-andrei.petrea1210' returned 0
161 [140225523762944] INFO perfrun.itt <> - start itt controller for pid #470257
161 [140225523762944] INFO perfrun.tpss <> - start tpss controller for pid #470257
212 [140225650981760] INFO perfrun.launcher <> - Launcher: all plugins were started
212 [140225650981760] INFO perfrun.launcher <> - DirectoryMonitor object was created
212 [140225650981760] INFO perfrun.launcher <> - DirectoryMonitor: a callback was added
212 [140225650981760] INFO perfrun.launcher <> - DirectoryMonitor was started with pingTime = 1000
212 [140225650981760] INFO perfrun.launcher <> - DeadlineTimer is going to be constructed
212 [140225650981760] INFO perfrun.launcher <> - DeadlineTimer: a callback was added
254 [140225650981760] INFO perfrun.launcher <> - Launcher: resume the profiled application and  wait its termination or stop command
9718 [140225650981760] INFO perfrun.launcher <> - Launcher: the profiled application was terminated  with exit code = 0
9720 [140225523762944] INFO perfrun.itt <> - detach itt controller
9720 [140225523762944] INFO perfrun.itt <> - detach itt controller done
9720 [140225523762944] INFO perfrun.tpss <> - stop tpss controller
9720 [140225523762944] INFO perfrun.sdk <> - De-allocating TMU: /tmp/amplxe-tmp-andrei.petrea1210/amplxe-res-470251-3954766443871867/data.0/systemcollector-470251-fep8.grid.pub.ro.sc
9720 [140225523762944] INFO perfrun.system <> - closed the system trace file: /tmp/amplxe-tmp-andrei.petrea1210/amplxe-res-470251-3954766443871867/data.0/systemcollector-470251-fep8.grid.pub.ro.sc
9720 [140225650981760] INFO perfrun.launcher <> - Launcher: all plugins were stopped.
9720 [140225650981760] INFO perfrun.launcher <> - DeadlineTimer is going to be destroyed
9720 [140225650981760] INFO perfrun.launcher <> - DeadlineTimer was destroyed
9720 [140225650981760] INFO perfrun.launcher <> - DirectoryMonitor object was destroyed
9720 [140225650981760] WARN perfrun.launcher <> - Stop command is ignored because it is received when collection is already stopped, at file: vcs/perfrun1/launcher/src/command_handler.cpp:226
9736 [140225650981760] INFO perfrun.launcher <> - Application exit code: 0
9736 [140225650981760] INFO perfrun.launcher <> - Exit code: 0
