2 [139872349645696] INFO perfrun.launcher <> - Launcher main begin
3 [139872349645696] INFO perfrun.launcher <> - MessageCatalogInit finished
3 [139872349645696] INFO perfrun.launcher <> - Launcher instance created
3 [139872349645696] INFO perfrun.launcher <> - argc = 7; cmdline = /opt/intel/oneapi/vtune/2024.2/bin64/amplxe-runss --ui-output-format xml --ui-output-fd 6 --option-file /export/home/acs/stud/a/andrei.petrea1210/primalgomst/results_dir/small_weights_graph/config/runss.options 
8 [139872349645696] INFO perfrun.perfcollector <> - SEP tool path: /opt/intel/oneapi/vtune/2024.2/bin64/sep
29 [139872349645696] INFO perfrun.launcher <> - create msngr2::ICliToolContext
29 [139872349645696] INFO perfrun.launcher <> - create file finder object
29 [139872349645696] INFO perfrun.launcher <> - create a result directory: pattern = /export/home/acs/stud/a/andrei.petrea1210/primalgomst/results_dir/small_weights_graph pid = 4294967295
30 [139872349645696] INFO perfrun.sdk <> - checked that the directory /export/home/acs/stud/a/andrei.petrea1210/primalgomst/results_dir/small_weights_graph is a local directory
31 [139872349645696] INFO perfrun.sdk <> - the directory /export/home/acs/stud/a/andrei.petrea1210/primalgomst/results_dir/small_weights_graph is located on a share or its FS ID is unknown 12805120
31 [139872349645696] INFO perfrun.sdk <> - checked that the directory /tmp/amplxe-tmp-andrei.petrea1210 is a local directory
31 [139872349645696] INFO perfrun.sdk <> - the directory /tmp/amplxe-tmp-andrei.petrea1210 is a local directory with FS type ID 1481003842
32 [139872349645696] INFO perfrun.launcher <> - Create a local result directory /tmp/amplxe-tmp-andrei.petrea1210/amplxe-res-470161-3954701218147996 due to the user result path /export/home/acs/stud/a/andrei.petrea1210/primalgomst/results_dir/small_weights_graph is located on a share
32 [139872349645696] INFO perfrun.launcher <> - create data directory = /tmp/amplxe-tmp-andrei.petrea1210/amplxe-res-470161-3954701218147996/data.0
32 [139872349645696] INFO perfrun.launcher <> - create data directory = /export/home/acs/stud/a/andrei.petrea1210/primalgomst/results_dir/small_weights_graph/data.0
33 [139872349645696] INFO perfrun.launcher <> - Creating the master collection flag
63 [139872349645696] INFO perfrun.launcher <> - Done creating the master collection flag
65 [139872222426880] INFO perfrun.launcher <> - plugin [remoteplug] was disabled because it doesn't support the given collection type.
65 [139872222426880] INFO perfrun.sdk <> - Allocating TMU :/tmp/amplxe-tmp-andrei.petrea1210/amplxe-res-470161-3954701218147996/data.0/systemcollector-470161-fep8.grid.pub.ro.sc
65 [139872222426880] INFO perfrun.system <> - Tpss based collection
66 [139872222426880] INFO perfrun.launcher <> - plugin [ptracecollector] was disabled because it doesn't support the given collection type.
66 [139872222426880] INFO perfrun.launcher <> - plugin [gpu] was disabled because it doesn't support the given collection type.
66 [139872222426880] INFO perfrun.launcher <> - plugin [] was disabled because it doesn't support the given collection type.
66 [139872222426880] INFO perfrun.launcher <> - plugin [] was disabled because it doesn't support the given collection type.
66 [139872222426880] INFO perfrun.launcher <> - plugin [] was disabled because it doesn't support the given collection type.
66 [139872222426880] INFO perfrun.mrte <> - system-wide mode is 0
66 [139872222426880] INFO perfrun.mrte <> - Getting  mrte profiling environment ...
83 [139872222426880] INFO perfrun.mrte <> - INTEL_MRTE_DATA_DIR=/tmp/amplxe-tmp-andrei.petrea1210/amplxe-res-470161-3954701218147996/data.0
83 [139872222426880] INFO perfrun.mrte <> - INTEL_MRTE_HOST_NAME=fep8.grid.pub.ro
83 [139872222426880] INFO perfrun.mrte <> - JAVA_TOOL_OPTIONS=-agentlib:amplxe_samplingmrte_javaprof_1.0 -Dsun.boot.library.path=/opt/intel/oneapi/vtune/2024.2/lib32/runtime:/opt/intel/oneapi/vtune/2024.2/lib64/runtime
83 [139872222426880] INFO perfrun.mrte <> - LD_LIBRARY_PATH=/opt/intel/oneapi/vtune/2024.2/lib32/runtime:/opt/intel/oneapi/vtune/2024.2/lib64/runtime:/opt/intel/oneapi/2024.2/opt/mpi/libfabric/lib:/opt/intel/oneapi/2024.2/opt/compiler/lib:/opt/intel/oneapi/2024.2/lib
83 [139872222426880] INFO perfrun.mrte <> - CORECLR_ENABLE_PROFILING=1
83 [139872222426880] INFO perfrun.mrte <> - CORECLR_PROFILER={AA5E4821-E3B1-479c-B7FF-5AD047D22CED}
83 [139872222426880] INFO perfrun.mrte <> - CORECLR_PROFILER_PATH=/opt/intel/oneapi/vtune/2024.2/lib64/libamplxe_samplingmrte_clrprof_1.0.so
83 [139872222426880] INFO perfrun.mrte <> - INTEL_MRTE_PROFILER_MODE=mixed
83 [139872222426880] INFO perfrun.mrte <> - Data directory: /tmp/amplxe-tmp-andrei.petrea1210/amplxe-res-470161-3954701218147996/data.0
83 [139872222426880] INFO perfrun.mrte <> - Mrte plugin is initialized
83 [139872222426880] INFO perfrun.launcher <> - plugin [emon] was disabled because it doesn't support the given collection type.
83 [139872222426880] INFO perfrun.launcher <> - plugin [cuscol] was disabled because it doesn't support the given collection type.
83 [139872222426880] INFO perfrun.launcher <> - plugin [stdsrc] was disabled because it doesn't support the given collection type.
83 [139872222426880] INFO perfrun.launcher <> - plugin [sep] was disabled because it doesn't support the given collection type.
83 [139872222426880] INFO perfrun.launcher <> - plugin [vtsspp] was disabled because it doesn't support the given collection type.
83 [139872222426880] INFO perfrun.launcher <> - plugin [perf] was disabled because it doesn't support the given collection type.
83 [139872222426880] INFO perfrun.launcher <> - plugin [aoclprofile] was disabled because it doesn't support the given collection type.
83 [139872222426880] INFO perfrun.tpss <> - initialize tpss controller
84 [139872222426880] INFO perfrun.tpss <> - configure collection mode: value = cpu:counters:nostack
84 [139872222426880] INFO perfrun.tpss <> - configure collection mode: value = cpu:stack
84 [139872222426880] INFO perfrun.tpss <> - default obj-size-min=1024
84 [139872222426880] INFO perfrun.tpss <> - default hash-table-size=0
84 [139872222426880] INFO perfrun.launcher <> - plugin [media] was disabled because it doesn't support the given collection type.
84 [139872222426880] INFO perfrun.launcher <> - plugin [] was disabled because it doesn't support the given collection type.
84 [139872222426880] INFO perfrun.launcher <> - plugin [] was disabled because it doesn't support the given collection type.
84 [139872222426880] INFO perfrun.launcher <> - plugin [parallelfs] was disabled because it doesn't support the given collection type.
84 [139872222426880] INFO perfrun.launcher <> - plugin [power] was disabled because it doesn't support the given collection type.
84 [139872222426880] INFO perfrun.launcher <> - plugin [] was disabled because it doesn't support the given collection type.
84 [139872222426880] INFO perfrun.launcher <> - plugin [ipmwatch] was disabled because it doesn't support the given collection type.
84 [139872222426880] INFO perfrun.launcher <> - plugin [os_counters] was disabled because it doesn't support the given collection type.
84 [139872222426880] INFO perfrun.launcher <> - plugin [l0_metrics] was disabled because it doesn't support the given collection type.
84 [139872349645696] INFO perfrun.launcher <> - set environment variable: LD_LIBRARY_PATH = /opt/intel/oneapi/vtune/2024.2/lib32/runtime:/opt/intel/oneapi/vtune/2024.2/lib64/runtime:/opt/intel/oneapi/2024.2/opt/mpi/libfabric/lib:/opt/intel/oneapi/2024.2/opt/compiler/lib:/opt/intel/oneapi/2024.2/lib
84 [139872349645696] INFO perfrun.launcher <> - set environment variable: INTEL_LIBITTNOTIFY32 = /opt/intel/oneapi/vtune/2024.2/lib32/runtime/libittnotify_collector.so
84 [139872349645696] INFO perfrun.launcher <> - set environment variable: INTEL_LIBITTNOTIFY64 = /opt/intel/oneapi/vtune/2024.2/lib64/runtime/libittnotify_collector.so
84 [139872349645696] INFO perfrun.launcher <> - set environment variable: INTEL_ITTNOTIFY_GROUPS = 
84 [139872349645696] INFO perfrun.launcher <> - set environment variable: INTEL_JIT_PROFILER32 = /opt/intel/oneapi/vtune/2024.2/lib32/runtime/libittnotify_collector.so
85 [139872349645696] INFO perfrun.launcher <> - set environment variable: INTEL_JIT_PROFILER64 = /opt/intel/oneapi/vtune/2024.2/lib64/runtime/libittnotify_collector.so
85 [139872349645696] INFO perfrun.launcher <> - set environment variable: CCL_ITT_LEVEL = 1
85 [139872349645696] INFO perfrun.launcher <> - set environment variable: ENABLE_JITPROFILING = 1
85 [139872349645696] INFO perfrun.launcher <> - set environment variable: CL_CONFIG_USE_VTUNE = True
85 [139872349645696] INFO perfrun.launcher <> - set environment variable: KMP_FORKJOIN_FRAMES = 0
85 [139872349645696] INFO perfrun.launcher <> - set environment variable: KMP_FORKJOIN_FRAMES_MODE = 0
85 [139872349645696] INFO perfrun.launcher <> - set environment variable: INTEL_MRTE_DATA_DIR = /tmp/amplxe-tmp-andrei.petrea1210/amplxe-res-470161-3954701218147996/data.0
85 [139872349645696] INFO perfrun.launcher <> - set environment variable: INTEL_MRTE_HOST_NAME = fep8.grid.pub.ro
85 [139872349645696] INFO perfrun.launcher <> - set environment variable: JAVA_TOOL_OPTIONS = -agentlib:amplxe_samplingmrte_javaprof_1.0 -Dsun.boot.library.path=/opt/intel/oneapi/vtune/2024.2/lib32/runtime:/opt/intel/oneapi/vtune/2024.2/lib64/runtime
86 [139872349645696] INFO perfrun.launcher <> - set environment variable: LD_LIBRARY_PATH = /opt/intel/oneapi/vtune/2024.2/lib32/runtime:/opt/intel/oneapi/vtune/2024.2/lib64/runtime:/opt/intel/oneapi/2024.2/opt/mpi/libfabric/lib:/opt/intel/oneapi/2024.2/opt/compiler/lib:/opt/intel/oneapi/2024.2/lib
86 [139872349645696] INFO perfrun.launcher <> - set environment variable: CORECLR_ENABLE_PROFILING = 1
86 [139872349645696] INFO perfrun.launcher <> - set environment variable: CORECLR_PROFILER = {AA5E4821-E3B1-479c-B7FF-5AD047D22CED}
86 [139872349645696] INFO perfrun.launcher <> - set environment variable: CORECLR_PROFILER_PATH = /opt/intel/oneapi/vtune/2024.2/lib64/libamplxe_samplingmrte_clrprof_1.0.so
86 [139872349645696] INFO perfrun.launcher <> - set environment variable: INTEL_MRTE_PROFILER_MODE = mixed
86 [139872349645696] INFO perfrun.launcher <> - RpcServer: run RPC server to handle requests
87 [139872349645696] INFO perfrun.launcher <> - Launcher: command line to start before modification = bin/serial_prim tests/small_weights_graph.txt
88 [139872349645696] INFO perfrun.launcher <> - Launcher: command line to start after modification = /opt/intel/oneapi/vtune/2024.2/bin64/pin -error_file /tmp/amplxe-tmp-andrei.petrea1210/amplxe-res-470161-3954701218147996/data.0/pinerr.tpsslog -detach_reattach -follow_execv -tool_load_option deepbind -t64 /opt/intel/oneapi/vtune/2024.2/lib64/libtpsstool.so -t /opt/intel/oneapi/vtune/2024.2/lib32/libtpsstool.so -server_name tpss_ipc.470161 -prd_dir /opt/intel/oneapi/vtune/2024.2 -- bin/serial_prim tests/small_weights_graph.txt
88 [139872349645696] INFO perfrun.launcher <> - ProcessCreator object was created
89 [139872349645696] INFO perfrun.launcher <> - Launcher: the process was started in suspend mode
90 [139872222426880] WARN perfrun.system <> - Could not do anything with /sys/kernel/debug/kvm: boost::filesystem::status: Permission denied [system:13]: "/sys/kernel/debug/kvm", at file: vcs/perfrun1/plugins/system/src/trace_writer.cpp:787
90 [139872222426880] WARN perfrun.system <> - Folder "/var/run/libvirt/qemu/"doesn't exist, at file: vcs/perfrun1/plugins/system/src/trace_writer.cpp:800
90 [139872222426880] INFO perfrun.sdk <> - runCmd: /opt/intel/oneapi/vtune/2024.2/bin64/sep -platform-info
90 [139872222426880] INFO perfrun.sdk <> - runCmd started PID 470167
97 [139872222426880] WARN perfrun.sdk <> - SEP driver is not available, at file: vcs/perfrun1/plugins/pluginsdk/src/device_mapper.cpp:1083
97 [139872222426880] INFO perfrun.sdk <> - runCmd: /opt/intel/oneapi/vtune/2024.2/bin64/amplxe-perf stat --iostat=list
97 [139872222426880] INFO perfrun.sdk <> - runCmd started PID 470168
99 [139872222426880] WARN perfrun.sdk <> - Device mapping through perf is not available on current kernel, at file: vcs/perfrun1/plugins/pluginsdk/src/device_mapper.cpp:1314
101 [139872222426880] INFO perfrun.sdk <> - runCmd: /opt/intel/oneapi/vtune/2024.2/bin64/sep -platform-info
101 [139872222426880] INFO perfrun.sdk <> - runCmd started PID 470169
109 [139872222426880] WARN perfrun.sdk <> - SEP driver is not available, at file: vcs/perfrun1/plugins/pluginsdk/src/device_mapper.cpp:1083
109 [139872222426880] INFO perfrun.sdk <> - runCmd: /opt/intel/oneapi/vtune/2024.2/bin64/amplxe-perf stat --iostat=list
109 [139872222426880] INFO perfrun.sdk <> - runCmd started PID 470170
112 [139872222426880] WARN perfrun.sdk <> - Device mapping through perf is not available on current kernel, at file: vcs/perfrun1/plugins/pluginsdk/src/device_mapper.cpp:1314
112 [139872222426880] WARN perfrun.sdk <> - Failed to find xl binary on any of the system paths: /bin, /sbin, /usr/bin, /usr/sbin., at file: vcs/perfrun1/sdk/src/utils.cpp:204
112 [139872222426880] WARN perfrun.system <> - Could not start ContainerMapping collector, at file: vcs/perfrun1/plugins/system/src/controller.cpp:448
139 [139872222426880] INFO perfrun.vdso <> - Helper runtool '/opt/intel/oneapi/vtune/2024.2/bin32/amplxe-runss -dump-vdso -r /tmp/amplxe-tmp-andrei.petrea1210/amplxe-res-470161-3954701218147996 --tmp-dir /tmp/amplxe-tmp-andrei.petrea1210' returned 0
181 [139872222426880] INFO perfrun.vdso <> - Helper runtool '/opt/intel/oneapi/vtune/2024.2/bin64/amplxe-runss -dump-vdso -r /tmp/amplxe-tmp-andrei.petrea1210/amplxe-res-470161-3954701218147996 --tmp-dir /tmp/amplxe-tmp-andrei.petrea1210' returned 0
181 [139872222426880] INFO perfrun.itt <> - start itt controller for pid #470166
181 [139872222426880] INFO perfrun.tpss <> - start tpss controller for pid #470166
232 [139872349645696] INFO perfrun.launcher <> - Launcher: all plugins were started
233 [139872349645696] INFO perfrun.launcher <> - DirectoryMonitor object was created
233 [139872349645696] INFO perfrun.launcher <> - DirectoryMonitor: a callback was added
233 [139872349645696] INFO perfrun.launcher <> - DirectoryMonitor was started with pingTime = 1000
233 [139872349645696] INFO perfrun.launcher <> - DeadlineTimer is going to be constructed
233 [139872349645696] INFO perfrun.launcher <> - DeadlineTimer: a callback was added
244 [139872349645696] INFO perfrun.launcher <> - Launcher: resume the profiled application and  wait its termination or stop command
23063 [139872349645696] INFO perfrun.launcher <> - Launcher: the profiled application was terminated  with exit code = 0
23066 [139872222426880] INFO perfrun.itt <> - detach itt controller
23066 [139872222426880] INFO perfrun.itt <> - detach itt controller done
23066 [139872222426880] INFO perfrun.tpss <> - stop tpss controller
23067 [139872222426880] INFO perfrun.sdk <> - De-allocating TMU: /tmp/amplxe-tmp-andrei.petrea1210/amplxe-res-470161-3954701218147996/data.0/systemcollector-470161-fep8.grid.pub.ro.sc
23067 [139872222426880] INFO perfrun.system <> - closed the system trace file: /tmp/amplxe-tmp-andrei.petrea1210/amplxe-res-470161-3954701218147996/data.0/systemcollector-470161-fep8.grid.pub.ro.sc
23067 [139872349645696] INFO perfrun.launcher <> - Launcher: all plugins were stopped.
23067 [139872349645696] INFO perfrun.launcher <> - DeadlineTimer is going to be destroyed
23067 [139872349645696] INFO perfrun.launcher <> - DeadlineTimer was destroyed
23067 [139872349645696] INFO perfrun.launcher <> - DirectoryMonitor object was destroyed
23067 [139872349645696] WARN perfrun.launcher <> - Stop command is ignored because it is received when collection is already stopped, at file: vcs/perfrun1/launcher/src/command_handler.cpp:226
23123 [139872349645696] INFO perfrun.launcher <> - Application exit code: 0
23123 [139872349645696] INFO perfrun.launcher <> - Exit code: 0
