2 [139952980441984] INFO perfrun.launcher <> - Launcher main begin
3 [139952980441984] INFO perfrun.launcher <> - MessageCatalogInit finished
3 [139952980441984] INFO perfrun.launcher <> - Launcher instance created
3 [139952980441984] INFO perfrun.launcher <> - argc = 7; cmdline = /opt/intel/oneapi/vtune/2024.2/bin64/amplxe-runss --ui-output-format xml --ui-output-fd 6 --option-file /export/home/acs/stud/a/andrei.petrea1210/primalgomst/results_dir/small_graph/config/runss.options 
8 [139952980441984] INFO perfrun.perfcollector <> - SEP tool path: /opt/intel/oneapi/vtune/2024.2/bin64/sep
20 [139952980441984] INFO perfrun.launcher <> - create msngr2::ICliToolContext
20 [139952980441984] INFO perfrun.launcher <> - create file finder object
20 [139952980441984] INFO perfrun.launcher <> - create a result directory: pattern = /export/home/acs/stud/a/andrei.petrea1210/primalgomst/results_dir/small_graph pid = 4294967295
21 [139952980441984] INFO perfrun.sdk <> - checked that the directory /export/home/acs/stud/a/andrei.petrea1210/primalgomst/results_dir/small_graph is a local directory
22 [139952980441984] INFO perfrun.sdk <> - the directory /export/home/acs/stud/a/andrei.petrea1210/primalgomst/results_dir/small_graph is located on a share or its FS ID is unknown 12805120
22 [139952980441984] INFO perfrun.sdk <> - checked that the directory /tmp/amplxe-tmp-andrei.petrea1210 is a local directory
22 [139952980441984] INFO perfrun.sdk <> - the directory /tmp/amplxe-tmp-andrei.petrea1210 is a local directory with FS type ID 1481003842
23 [139952980441984] INFO perfrun.launcher <> - Create a local result directory /tmp/amplxe-tmp-andrei.petrea1210/amplxe-res-470077-3954684619807787 due to the user result path /export/home/acs/stud/a/andrei.petrea1210/primalgomst/results_dir/small_graph is located on a share
23 [139952980441984] INFO perfrun.launcher <> - create data directory = /tmp/amplxe-tmp-andrei.petrea1210/amplxe-res-470077-3954684619807787/data.0
23 [139952980441984] INFO perfrun.launcher <> - create data directory = /export/home/acs/stud/a/andrei.petrea1210/primalgomst/results_dir/small_graph/data.0
24 [139952980441984] INFO perfrun.launcher <> - Creating the master collection flag
95 [139952980441984] INFO perfrun.launcher <> - Done creating the master collection flag
97 [139952853223168] INFO perfrun.launcher <> - plugin [remoteplug] was disabled because it doesn't support the given collection type.
97 [139952853223168] INFO perfrun.sdk <> - Allocating TMU :/tmp/amplxe-tmp-andrei.petrea1210/amplxe-res-470077-3954684619807787/data.0/systemcollector-470077-fep8.grid.pub.ro.sc
97 [139952853223168] INFO perfrun.system <> - Tpss based collection
98 [139952853223168] INFO perfrun.launcher <> - plugin [ptracecollector] was disabled because it doesn't support the given collection type.
98 [139952853223168] INFO perfrun.launcher <> - plugin [gpu] was disabled because it doesn't support the given collection type.
98 [139952853223168] INFO perfrun.launcher <> - plugin [] was disabled because it doesn't support the given collection type.
98 [139952853223168] INFO perfrun.launcher <> - plugin [] was disabled because it doesn't support the given collection type.
98 [139952853223168] INFO perfrun.launcher <> - plugin [] was disabled because it doesn't support the given collection type.
98 [139952853223168] INFO perfrun.mrte <> - system-wide mode is 0
98 [139952853223168] INFO perfrun.mrte <> - Getting  mrte profiling environment ...
114 [139952853223168] INFO perfrun.mrte <> - INTEL_MRTE_DATA_DIR=/tmp/amplxe-tmp-andrei.petrea1210/amplxe-res-470077-3954684619807787/data.0
114 [139952853223168] INFO perfrun.mrte <> - INTEL_MRTE_HOST_NAME=fep8.grid.pub.ro
114 [139952853223168] INFO perfrun.mrte <> - JAVA_TOOL_OPTIONS=-agentlib:amplxe_samplingmrte_javaprof_1.0 -Dsun.boot.library.path=/opt/intel/oneapi/vtune/2024.2/lib32/runtime:/opt/intel/oneapi/vtune/2024.2/lib64/runtime
114 [139952853223168] INFO perfrun.mrte <> - LD_LIBRARY_PATH=/opt/intel/oneapi/vtune/2024.2/lib32/runtime:/opt/intel/oneapi/vtune/2024.2/lib64/runtime:/opt/intel/oneapi/2024.2/opt/mpi/libfabric/lib:/opt/intel/oneapi/2024.2/opt/compiler/lib:/opt/intel/oneapi/2024.2/lib
114 [139952853223168] INFO perfrun.mrte <> - CORECLR_ENABLE_PROFILING=1
114 [139952853223168] INFO perfrun.mrte <> - CORECLR_PROFILER={AA5E4821-E3B1-479c-B7FF-5AD047D22CED}
114 [139952853223168] INFO perfrun.mrte <> - CORECLR_PROFILER_PATH=/opt/intel/oneapi/vtune/2024.2/lib64/libamplxe_samplingmrte_clrprof_1.0.so
114 [139952853223168] INFO perfrun.mrte <> - INTEL_MRTE_PROFILER_MODE=mixed
114 [139952853223168] INFO perfrun.mrte <> - Data directory: /tmp/amplxe-tmp-andrei.petrea1210/amplxe-res-470077-3954684619807787/data.0
114 [139952853223168] INFO perfrun.mrte <> - Mrte plugin is initialized
114 [139952853223168] INFO perfrun.launcher <> - plugin [emon] was disabled because it doesn't support the given collection type.
114 [139952853223168] INFO perfrun.launcher <> - plugin [cuscol] was disabled because it doesn't support the given collection type.
114 [139952853223168] INFO perfrun.launcher <> - plugin [stdsrc] was disabled because it doesn't support the given collection type.
114 [139952853223168] INFO perfrun.launcher <> - plugin [sep] was disabled because it doesn't support the given collection type.
114 [139952853223168] INFO perfrun.launcher <> - plugin [vtsspp] was disabled because it doesn't support the given collection type.
114 [139952853223168] INFO perfrun.launcher <> - plugin [perf] was disabled because it doesn't support the given collection type.
114 [139952853223168] INFO perfrun.launcher <> - plugin [aoclprofile] was disabled because it doesn't support the given collection type.
114 [139952853223168] INFO perfrun.tpss <> - initialize tpss controller
114 [139952853223168] INFO perfrun.tpss <> - configure collection mode: value = cpu:counters:nostack
114 [139952853223168] INFO perfrun.tpss <> - configure collection mode: value = cpu:stack
114 [139952853223168] INFO perfrun.tpss <> - default obj-size-min=1024
114 [139952853223168] INFO perfrun.tpss <> - default hash-table-size=0
114 [139952853223168] INFO perfrun.launcher <> - plugin [media] was disabled because it doesn't support the given collection type.
115 [139952853223168] INFO perfrun.launcher <> - plugin [] was disabled because it doesn't support the given collection type.
115 [139952853223168] INFO perfrun.launcher <> - plugin [] was disabled because it doesn't support the given collection type.
115 [139952853223168] INFO perfrun.launcher <> - plugin [parallelfs] was disabled because it doesn't support the given collection type.
115 [139952853223168] INFO perfrun.launcher <> - plugin [power] was disabled because it doesn't support the given collection type.
115 [139952853223168] INFO perfrun.launcher <> - plugin [] was disabled because it doesn't support the given collection type.
115 [139952853223168] INFO perfrun.launcher <> - plugin [ipmwatch] was disabled because it doesn't support the given collection type.
115 [139952853223168] INFO perfrun.launcher <> - plugin [os_counters] was disabled because it doesn't support the given collection type.
115 [139952853223168] INFO perfrun.launcher <> - plugin [l0_metrics] was disabled because it doesn't support the given collection type.
115 [139952980441984] INFO perfrun.launcher <> - set environment variable: LD_LIBRARY_PATH = /opt/intel/oneapi/vtune/2024.2/lib32/runtime:/opt/intel/oneapi/vtune/2024.2/lib64/runtime:/opt/intel/oneapi/2024.2/opt/mpi/libfabric/lib:/opt/intel/oneapi/2024.2/opt/compiler/lib:/opt/intel/oneapi/2024.2/lib
115 [139952980441984] INFO perfrun.launcher <> - set environment variable: INTEL_LIBITTNOTIFY32 = /opt/intel/oneapi/vtune/2024.2/lib32/runtime/libittnotify_collector.so
115 [139952980441984] INFO perfrun.launcher <> - set environment variable: INTEL_LIBITTNOTIFY64 = /opt/intel/oneapi/vtune/2024.2/lib64/runtime/libittnotify_collector.so
115 [139952980441984] INFO perfrun.launcher <> - set environment variable: INTEL_ITTNOTIFY_GROUPS = 
115 [139952980441984] INFO perfrun.launcher <> - set environment variable: INTEL_JIT_PROFILER32 = /opt/intel/oneapi/vtune/2024.2/lib32/runtime/libittnotify_collector.so
115 [139952980441984] INFO perfrun.launcher <> - set environment variable: INTEL_JIT_PROFILER64 = /opt/intel/oneapi/vtune/2024.2/lib64/runtime/libittnotify_collector.so
115 [139952980441984] INFO perfrun.launcher <> - set environment variable: CCL_ITT_LEVEL = 1
115 [139952980441984] INFO perfrun.launcher <> - set environment variable: ENABLE_JITPROFILING = 1
116 [139952980441984] INFO perfrun.launcher <> - set environment variable: CL_CONFIG_USE_VTUNE = True
116 [139952980441984] INFO perfrun.launcher <> - set environment variable: KMP_FORKJOIN_FRAMES = 0
116 [139952980441984] INFO perfrun.launcher <> - set environment variable: KMP_FORKJOIN_FRAMES_MODE = 0
116 [139952980441984] INFO perfrun.launcher <> - set environment variable: INTEL_MRTE_DATA_DIR = /tmp/amplxe-tmp-andrei.petrea1210/amplxe-res-470077-3954684619807787/data.0
116 [139952980441984] INFO perfrun.launcher <> - set environment variable: INTEL_MRTE_HOST_NAME = fep8.grid.pub.ro
116 [139952980441984] INFO perfrun.launcher <> - set environment variable: JAVA_TOOL_OPTIONS = -agentlib:amplxe_samplingmrte_javaprof_1.0 -Dsun.boot.library.path=/opt/intel/oneapi/vtune/2024.2/lib32/runtime:/opt/intel/oneapi/vtune/2024.2/lib64/runtime
116 [139952980441984] INFO perfrun.launcher <> - set environment variable: LD_LIBRARY_PATH = /opt/intel/oneapi/vtune/2024.2/lib32/runtime:/opt/intel/oneapi/vtune/2024.2/lib64/runtime:/opt/intel/oneapi/2024.2/opt/mpi/libfabric/lib:/opt/intel/oneapi/2024.2/opt/compiler/lib:/opt/intel/oneapi/2024.2/lib
116 [139952980441984] INFO perfrun.launcher <> - set environment variable: CORECLR_ENABLE_PROFILING = 1
117 [139952980441984] INFO perfrun.launcher <> - set environment variable: CORECLR_PROFILER = {AA5E4821-E3B1-479c-B7FF-5AD047D22CED}
117 [139952980441984] INFO perfrun.launcher <> - set environment variable: CORECLR_PROFILER_PATH = /opt/intel/oneapi/vtune/2024.2/lib64/libamplxe_samplingmrte_clrprof_1.0.so
117 [139952980441984] INFO perfrun.launcher <> - set environment variable: INTEL_MRTE_PROFILER_MODE = mixed
117 [139952980441984] INFO perfrun.launcher <> - RpcServer: run RPC server to handle requests
118 [139952980441984] INFO perfrun.launcher <> - Launcher: command line to start before modification = bin/serial_prim tests/small_graph.txt
119 [139952980441984] INFO perfrun.launcher <> - Launcher: command line to start after modification = /opt/intel/oneapi/vtune/2024.2/bin64/pin -error_file /tmp/amplxe-tmp-andrei.petrea1210/amplxe-res-470077-3954684619807787/data.0/pinerr.tpsslog -detach_reattach -follow_execv -tool_load_option deepbind -t64 /opt/intel/oneapi/vtune/2024.2/lib64/libtpsstool.so -t /opt/intel/oneapi/vtune/2024.2/lib32/libtpsstool.so -server_name tpss_ipc.470077 -prd_dir /opt/intel/oneapi/vtune/2024.2 -- bin/serial_prim tests/small_graph.txt
119 [139952980441984] INFO perfrun.launcher <> - ProcessCreator object was created
120 [139952980441984] INFO perfrun.launcher <> - Launcher: the process was started in suspend mode
122 [139952853223168] WARN perfrun.system <> - Could not do anything with /sys/kernel/debug/kvm: boost::filesystem::status: Permission denied [system:13]: "/sys/kernel/debug/kvm", at file: vcs/perfrun1/plugins/system/src/trace_writer.cpp:787
122 [139952853223168] WARN perfrun.system <> - Folder "/var/run/libvirt/qemu/"doesn't exist, at file: vcs/perfrun1/plugins/system/src/trace_writer.cpp:800
123 [139952853223168] INFO perfrun.sdk <> - runCmd: /opt/intel/oneapi/vtune/2024.2/bin64/sep -platform-info
124 [139952853223168] INFO perfrun.sdk <> - runCmd started PID 470083
130 [139952853223168] WARN perfrun.sdk <> - SEP driver is not available, at file: vcs/perfrun1/plugins/pluginsdk/src/device_mapper.cpp:1083
130 [139952853223168] INFO perfrun.sdk <> - runCmd: /opt/intel/oneapi/vtune/2024.2/bin64/amplxe-perf stat --iostat=list
131 [139952853223168] INFO perfrun.sdk <> - runCmd started PID 470084
133 [139952853223168] WARN perfrun.sdk <> - Device mapping through perf is not available on current kernel, at file: vcs/perfrun1/plugins/pluginsdk/src/device_mapper.cpp:1314
140 [139952853223168] INFO perfrun.sdk <> - runCmd: /opt/intel/oneapi/vtune/2024.2/bin64/sep -platform-info
140 [139952853223168] INFO perfrun.sdk <> - runCmd started PID 470085
146 [139952853223168] WARN perfrun.sdk <> - SEP driver is not available, at file: vcs/perfrun1/plugins/pluginsdk/src/device_mapper.cpp:1083
146 [139952853223168] INFO perfrun.sdk <> - runCmd: /opt/intel/oneapi/vtune/2024.2/bin64/amplxe-perf stat --iostat=list
147 [139952853223168] INFO perfrun.sdk <> - runCmd started PID 470086
149 [139952853223168] WARN perfrun.sdk <> - Device mapping through perf is not available on current kernel, at file: vcs/perfrun1/plugins/pluginsdk/src/device_mapper.cpp:1314
149 [139952853223168] WARN perfrun.sdk <> - Failed to find xl binary on any of the system paths: /bin, /sbin, /usr/bin, /usr/sbin., at file: vcs/perfrun1/sdk/src/utils.cpp:204
149 [139952853223168] WARN perfrun.system <> - Could not start ContainerMapping collector, at file: vcs/perfrun1/plugins/system/src/controller.cpp:448
179 [139952853223168] INFO perfrun.vdso <> - Helper runtool '/opt/intel/oneapi/vtune/2024.2/bin32/amplxe-runss -dump-vdso -r /tmp/amplxe-tmp-andrei.petrea1210/amplxe-res-470077-3954684619807787 --tmp-dir /tmp/amplxe-tmp-andrei.petrea1210' returned 0
219 [139952853223168] INFO perfrun.vdso <> - Helper runtool '/opt/intel/oneapi/vtune/2024.2/bin64/amplxe-runss -dump-vdso -r /tmp/amplxe-tmp-andrei.petrea1210/amplxe-res-470077-3954684619807787 --tmp-dir /tmp/amplxe-tmp-andrei.petrea1210' returned 0
219 [139952853223168] INFO perfrun.itt <> - start itt controller for pid #470082
219 [139952853223168] INFO perfrun.tpss <> - start tpss controller for pid #470082
269 [139952980441984] INFO perfrun.launcher <> - Launcher: all plugins were started
270 [139952980441984] INFO perfrun.launcher <> - DirectoryMonitor object was created
270 [139952980441984] INFO perfrun.launcher <> - DirectoryMonitor: a callback was added
270 [139952980441984] INFO perfrun.launcher <> - DirectoryMonitor was started with pingTime = 1000
270 [139952980441984] INFO perfrun.launcher <> - DeadlineTimer is going to be constructed
270 [139952980441984] INFO perfrun.launcher <> - DeadlineTimer: a callback was added
282 [139952980441984] INFO perfrun.launcher <> - Launcher: resume the profiled application and  wait its termination or stop command
596 [139952980441984] INFO perfrun.launcher <> - Launcher: the profiled application was terminated  with exit code = 0
607 [139952853223168] INFO perfrun.itt <> - detach itt controller
607 [139952853223168] INFO perfrun.itt <> - detach itt controller done
607 [139952853223168] INFO perfrun.tpss <> - stop tpss controller
608 [139952853223168] INFO perfrun.sdk <> - De-allocating TMU: /tmp/amplxe-tmp-andrei.petrea1210/amplxe-res-470077-3954684619807787/data.0/systemcollector-470077-fep8.grid.pub.ro.sc
608 [139952853223168] INFO perfrun.system <> - closed the system trace file: /tmp/amplxe-tmp-andrei.petrea1210/amplxe-res-470077-3954684619807787/data.0/systemcollector-470077-fep8.grid.pub.ro.sc
608 [139952980441984] INFO perfrun.launcher <> - Launcher: all plugins were stopped.
608 [139952980441984] INFO perfrun.launcher <> - DeadlineTimer is going to be destroyed
608 [139952980441984] INFO perfrun.launcher <> - DeadlineTimer was destroyed
608 [139952980441984] INFO perfrun.launcher <> - DirectoryMonitor object was destroyed
608 [139952980441984] WARN perfrun.launcher <> - Stop command is ignored because it is received when collection is already stopped, at file: vcs/perfrun1/launcher/src/command_handler.cpp:226
638 [139952980441984] INFO perfrun.launcher <> - Application exit code: 0
638 [139952980441984] INFO perfrun.launcher <> - Exit code: 0
